[2024-01-23T18:21:50.699+0000] {processor.py:161} INFO - Started process (PID=29) to work on /opt/airflow/dags/reddit_dag.py
[2024-01-23T18:21:50.703+0000] {processor.py:830} INFO - Processing file /opt/airflow/dags/reddit_dag.py for tasks to queue
[2024-01-23T18:21:50.712+0000] {logging_mixin.py:188} INFO - [2024-01-23T18:21:50.711+0000] {dagbag.py:538} INFO - Filling up the DagBag from /opt/airflow/dags/reddit_dag.py
[2024-01-23T18:21:59.197+0000] {processor.py:840} INFO - DAG(s) 'etl_reddit_pipeline' retrieved from /opt/airflow/dags/reddit_dag.py
[2024-01-23T18:22:02.478+0000] {logging_mixin.py:188} INFO - [2024-01-23T18:22:02.477+0000] {dag.py:3033} INFO - Sync 1 DAGs
[2024-01-23T18:22:02.749+0000] {logging_mixin.py:188} INFO - [2024-01-23T18:22:02.748+0000] {dag.py:3820} INFO - Setting next_dagrun for etl_reddit_pipeline to 2024-01-22T00:00:00+00:00, run_after=2024-01-23T00:00:00+00:00
[2024-01-23T18:22:02.910+0000] {processor.py:183} INFO - Processing /opt/airflow/dags/reddit_dag.py took 12.234 seconds
[2024-01-23T18:22:33.303+0000] {processor.py:161} INFO - Started process (PID=31) to work on /opt/airflow/dags/reddit_dag.py
[2024-01-23T18:22:33.311+0000] {processor.py:830} INFO - Processing file /opt/airflow/dags/reddit_dag.py for tasks to queue
[2024-01-23T18:22:33.323+0000] {logging_mixin.py:188} INFO - [2024-01-23T18:22:33.321+0000] {dagbag.py:538} INFO - Filling up the DagBag from /opt/airflow/dags/reddit_dag.py
[2024-01-23T18:22:44.788+0000] {processor.py:840} INFO - DAG(s) 'etl_reddit_pipeline' retrieved from /opt/airflow/dags/reddit_dag.py
[2024-01-23T18:22:44.831+0000] {logging_mixin.py:188} INFO - [2024-01-23T18:22:44.830+0000] {dag.py:3033} INFO - Sync 1 DAGs
[2024-01-23T18:22:44.961+0000] {logging_mixin.py:188} INFO - [2024-01-23T18:22:44.960+0000] {dag.py:3820} INFO - Setting next_dagrun for etl_reddit_pipeline to 2024-01-23T00:00:00+00:00, run_after=2024-01-24T00:00:00+00:00
[2024-01-23T18:22:45.044+0000] {processor.py:183} INFO - Processing /opt/airflow/dags/reddit_dag.py took 11.769 seconds
[2024-01-23T18:23:15.528+0000] {processor.py:161} INFO - Started process (PID=33) to work on /opt/airflow/dags/reddit_dag.py
[2024-01-23T18:23:15.534+0000] {processor.py:830} INFO - Processing file /opt/airflow/dags/reddit_dag.py for tasks to queue
[2024-01-23T18:23:15.548+0000] {logging_mixin.py:188} INFO - [2024-01-23T18:23:15.541+0000] {dagbag.py:538} INFO - Filling up the DagBag from /opt/airflow/dags/reddit_dag.py
[2024-01-23T18:23:20.018+0000] {processor.py:840} INFO - DAG(s) 'etl_reddit_pipeline' retrieved from /opt/airflow/dags/reddit_dag.py
[2024-01-23T18:23:20.241+0000] {logging_mixin.py:188} INFO - [2024-01-23T18:23:20.240+0000] {dag.py:3033} INFO - Sync 1 DAGs
[2024-01-23T18:23:20.276+0000] {logging_mixin.py:188} INFO - [2024-01-23T18:23:20.276+0000] {dag.py:3820} INFO - Setting next_dagrun for etl_reddit_pipeline to 2024-01-23T00:00:00+00:00, run_after=2024-01-24T00:00:00+00:00
[2024-01-23T18:23:20.384+0000] {processor.py:183} INFO - Processing /opt/airflow/dags/reddit_dag.py took 4.875 seconds
[2024-01-23T18:23:50.884+0000] {processor.py:161} INFO - Started process (PID=35) to work on /opt/airflow/dags/reddit_dag.py
[2024-01-23T18:23:50.885+0000] {processor.py:830} INFO - Processing file /opt/airflow/dags/reddit_dag.py for tasks to queue
[2024-01-23T18:23:50.889+0000] {logging_mixin.py:188} INFO - [2024-01-23T18:23:50.888+0000] {dagbag.py:538} INFO - Filling up the DagBag from /opt/airflow/dags/reddit_dag.py
[2024-01-23T18:23:52.411+0000] {processor.py:840} INFO - DAG(s) 'etl_reddit_pipeline' retrieved from /opt/airflow/dags/reddit_dag.py
[2024-01-23T18:23:52.602+0000] {logging_mixin.py:188} INFO - [2024-01-23T18:23:52.600+0000] {dag.py:3033} INFO - Sync 1 DAGs
[2024-01-23T18:23:52.714+0000] {logging_mixin.py:188} INFO - [2024-01-23T18:23:52.713+0000] {dag.py:3820} INFO - Setting next_dagrun for etl_reddit_pipeline to 2024-01-23T00:00:00+00:00, run_after=2024-01-24T00:00:00+00:00
[2024-01-23T18:23:52.810+0000] {processor.py:183} INFO - Processing /opt/airflow/dags/reddit_dag.py took 1.936 seconds
[2024-01-23T18:24:23.272+0000] {processor.py:161} INFO - Started process (PID=37) to work on /opt/airflow/dags/reddit_dag.py
[2024-01-23T18:24:23.283+0000] {processor.py:830} INFO - Processing file /opt/airflow/dags/reddit_dag.py for tasks to queue
[2024-01-23T18:24:23.289+0000] {logging_mixin.py:188} INFO - [2024-01-23T18:24:23.288+0000] {dagbag.py:538} INFO - Filling up the DagBag from /opt/airflow/dags/reddit_dag.py
[2024-01-23T18:24:26.747+0000] {processor.py:840} INFO - DAG(s) 'etl_reddit_pipeline' retrieved from /opt/airflow/dags/reddit_dag.py
[2024-01-23T18:24:26.879+0000] {logging_mixin.py:188} INFO - [2024-01-23T18:24:26.879+0000] {dag.py:3033} INFO - Sync 1 DAGs
[2024-01-23T18:24:26.973+0000] {logging_mixin.py:188} INFO - [2024-01-23T18:24:26.968+0000] {dag.py:3820} INFO - Setting next_dagrun for etl_reddit_pipeline to 2024-01-23T00:00:00+00:00, run_after=2024-01-24T00:00:00+00:00
[2024-01-23T18:24:27.066+0000] {processor.py:183} INFO - Processing /opt/airflow/dags/reddit_dag.py took 3.809 seconds
[2024-01-23T18:24:57.530+0000] {processor.py:161} INFO - Started process (PID=39) to work on /opt/airflow/dags/reddit_dag.py
[2024-01-23T18:24:57.546+0000] {processor.py:830} INFO - Processing file /opt/airflow/dags/reddit_dag.py for tasks to queue
[2024-01-23T18:24:57.549+0000] {logging_mixin.py:188} INFO - [2024-01-23T18:24:57.548+0000] {dagbag.py:538} INFO - Filling up the DagBag from /opt/airflow/dags/reddit_dag.py
[2024-01-23T18:25:05.135+0000] {processor.py:840} INFO - DAG(s) 'etl_reddit_pipeline' retrieved from /opt/airflow/dags/reddit_dag.py
[2024-01-23T18:25:05.280+0000] {logging_mixin.py:188} INFO - [2024-01-23T18:25:05.278+0000] {dag.py:3033} INFO - Sync 1 DAGs
[2024-01-23T18:25:05.373+0000] {logging_mixin.py:188} INFO - [2024-01-23T18:25:05.373+0000] {dag.py:3820} INFO - Setting next_dagrun for etl_reddit_pipeline to 2024-01-23T00:00:00+00:00, run_after=2024-01-24T00:00:00+00:00
[2024-01-23T18:25:05.465+0000] {processor.py:183} INFO - Processing /opt/airflow/dags/reddit_dag.py took 7.944 seconds
[2024-01-23T18:25:35.983+0000] {processor.py:161} INFO - Started process (PID=41) to work on /opt/airflow/dags/reddit_dag.py
[2024-01-23T18:25:36.013+0000] {processor.py:830} INFO - Processing file /opt/airflow/dags/reddit_dag.py for tasks to queue
[2024-01-23T18:25:36.020+0000] {logging_mixin.py:188} INFO - [2024-01-23T18:25:36.019+0000] {dagbag.py:538} INFO - Filling up the DagBag from /opt/airflow/dags/reddit_dag.py
[2024-01-23T18:25:38.490+0000] {processor.py:840} INFO - DAG(s) 'etl_reddit_pipeline' retrieved from /opt/airflow/dags/reddit_dag.py
[2024-01-23T18:25:38.537+0000] {logging_mixin.py:188} INFO - [2024-01-23T18:25:38.536+0000] {dag.py:3033} INFO - Sync 1 DAGs
[2024-01-23T18:25:38.579+0000] {logging_mixin.py:188} INFO - [2024-01-23T18:25:38.579+0000] {dag.py:3820} INFO - Setting next_dagrun for etl_reddit_pipeline to 2024-01-23T00:00:00+00:00, run_after=2024-01-24T00:00:00+00:00
[2024-01-23T18:25:38.619+0000] {processor.py:183} INFO - Processing /opt/airflow/dags/reddit_dag.py took 2.642 seconds
[2024-01-23T18:26:08.896+0000] {processor.py:161} INFO - Started process (PID=43) to work on /opt/airflow/dags/reddit_dag.py
[2024-01-23T18:26:08.901+0000] {processor.py:830} INFO - Processing file /opt/airflow/dags/reddit_dag.py for tasks to queue
[2024-01-23T18:26:08.904+0000] {logging_mixin.py:188} INFO - [2024-01-23T18:26:08.904+0000] {dagbag.py:538} INFO - Filling up the DagBag from /opt/airflow/dags/reddit_dag.py
[2024-01-23T18:26:09.995+0000] {processor.py:840} INFO - DAG(s) 'etl_reddit_pipeline' retrieved from /opt/airflow/dags/reddit_dag.py
[2024-01-23T18:26:10.048+0000] {logging_mixin.py:188} INFO - [2024-01-23T18:26:10.047+0000] {dag.py:3033} INFO - Sync 1 DAGs
[2024-01-23T18:26:10.082+0000] {logging_mixin.py:188} INFO - [2024-01-23T18:26:10.082+0000] {dag.py:3820} INFO - Setting next_dagrun for etl_reddit_pipeline to 2024-01-23T00:00:00+00:00, run_after=2024-01-24T00:00:00+00:00
[2024-01-23T18:26:10.167+0000] {processor.py:183} INFO - Processing /opt/airflow/dags/reddit_dag.py took 1.277 seconds
[2024-01-23T18:26:40.392+0000] {processor.py:161} INFO - Started process (PID=45) to work on /opt/airflow/dags/reddit_dag.py
[2024-01-23T18:26:40.395+0000] {processor.py:830} INFO - Processing file /opt/airflow/dags/reddit_dag.py for tasks to queue
[2024-01-23T18:26:40.400+0000] {logging_mixin.py:188} INFO - [2024-01-23T18:26:40.399+0000] {dagbag.py:538} INFO - Filling up the DagBag from /opt/airflow/dags/reddit_dag.py
[2024-01-23T18:26:43.051+0000] {processor.py:840} INFO - DAG(s) 'etl_reddit_pipeline' retrieved from /opt/airflow/dags/reddit_dag.py
[2024-01-23T18:26:43.194+0000] {logging_mixin.py:188} INFO - [2024-01-23T18:26:43.193+0000] {dag.py:3033} INFO - Sync 1 DAGs
[2024-01-23T18:26:43.235+0000] {logging_mixin.py:188} INFO - [2024-01-23T18:26:43.235+0000] {dag.py:3820} INFO - Setting next_dagrun for etl_reddit_pipeline to 2024-01-23T00:00:00+00:00, run_after=2024-01-24T00:00:00+00:00
[2024-01-23T18:26:43.315+0000] {processor.py:183} INFO - Processing /opt/airflow/dags/reddit_dag.py took 2.935 seconds
[2024-01-23T18:27:14.028+0000] {processor.py:161} INFO - Started process (PID=47) to work on /opt/airflow/dags/reddit_dag.py
[2024-01-23T18:27:14.030+0000] {processor.py:830} INFO - Processing file /opt/airflow/dags/reddit_dag.py for tasks to queue
[2024-01-23T18:27:14.074+0000] {logging_mixin.py:188} INFO - [2024-01-23T18:27:14.065+0000] {dagbag.py:538} INFO - Filling up the DagBag from /opt/airflow/dags/reddit_dag.py
[2024-01-23T18:27:18.518+0000] {processor.py:840} INFO - DAG(s) 'etl_reddit_pipeline' retrieved from /opt/airflow/dags/reddit_dag.py
[2024-01-23T18:27:18.812+0000] {logging_mixin.py:188} INFO - [2024-01-23T18:27:18.811+0000] {dag.py:3033} INFO - Sync 1 DAGs
[2024-01-23T18:27:18.894+0000] {logging_mixin.py:188} INFO - [2024-01-23T18:27:18.894+0000] {dag.py:3820} INFO - Setting next_dagrun for etl_reddit_pipeline to 2024-01-23T00:00:00+00:00, run_after=2024-01-24T00:00:00+00:00
[2024-01-23T18:27:19.119+0000] {processor.py:183} INFO - Processing /opt/airflow/dags/reddit_dag.py took 5.109 seconds
[2024-01-23T18:27:49.512+0000] {processor.py:161} INFO - Started process (PID=49) to work on /opt/airflow/dags/reddit_dag.py
[2024-01-23T18:27:49.515+0000] {processor.py:830} INFO - Processing file /opt/airflow/dags/reddit_dag.py for tasks to queue
[2024-01-23T18:27:49.528+0000] {logging_mixin.py:188} INFO - [2024-01-23T18:27:49.520+0000] {dagbag.py:538} INFO - Filling up the DagBag from /opt/airflow/dags/reddit_dag.py
[2024-01-23T18:27:52.141+0000] {processor.py:840} INFO - DAG(s) 'etl_reddit_pipeline' retrieved from /opt/airflow/dags/reddit_dag.py
[2024-01-23T18:27:52.235+0000] {logging_mixin.py:188} INFO - [2024-01-23T18:27:52.234+0000] {dag.py:3033} INFO - Sync 1 DAGs
[2024-01-23T18:27:52.295+0000] {logging_mixin.py:188} INFO - [2024-01-23T18:27:52.295+0000] {dag.py:3820} INFO - Setting next_dagrun for etl_reddit_pipeline to 2024-01-23T00:00:00+00:00, run_after=2024-01-24T00:00:00+00:00
[2024-01-23T18:27:52.343+0000] {processor.py:183} INFO - Processing /opt/airflow/dags/reddit_dag.py took 2.853 seconds
[2024-01-23T18:28:22.844+0000] {processor.py:161} INFO - Started process (PID=51) to work on /opt/airflow/dags/reddit_dag.py
[2024-01-23T18:28:22.848+0000] {processor.py:830} INFO - Processing file /opt/airflow/dags/reddit_dag.py for tasks to queue
[2024-01-23T18:28:22.859+0000] {logging_mixin.py:188} INFO - [2024-01-23T18:28:22.856+0000] {dagbag.py:538} INFO - Filling up the DagBag from /opt/airflow/dags/reddit_dag.py
[2024-01-23T18:28:24.229+0000] {processor.py:840} INFO - DAG(s) 'etl_reddit_pipeline' retrieved from /opt/airflow/dags/reddit_dag.py
[2024-01-23T18:28:24.277+0000] {logging_mixin.py:188} INFO - [2024-01-23T18:28:24.277+0000] {dag.py:3033} INFO - Sync 1 DAGs
[2024-01-23T18:28:24.318+0000] {logging_mixin.py:188} INFO - [2024-01-23T18:28:24.318+0000] {dag.py:3820} INFO - Setting next_dagrun for etl_reddit_pipeline to 2024-01-23T00:00:00+00:00, run_after=2024-01-24T00:00:00+00:00
[2024-01-23T18:28:24.351+0000] {processor.py:183} INFO - Processing /opt/airflow/dags/reddit_dag.py took 1.523 seconds
[2024-01-23T18:28:54.958+0000] {processor.py:161} INFO - Started process (PID=53) to work on /opt/airflow/dags/reddit_dag.py
[2024-01-23T18:28:54.992+0000] {processor.py:830} INFO - Processing file /opt/airflow/dags/reddit_dag.py for tasks to queue
[2024-01-23T18:28:55.072+0000] {logging_mixin.py:188} INFO - [2024-01-23T18:28:55.010+0000] {dagbag.py:538} INFO - Filling up the DagBag from /opt/airflow/dags/reddit_dag.py
[2024-01-23T18:29:05.221+0000] {processor.py:840} INFO - DAG(s) 'etl_reddit_pipeline' retrieved from /opt/airflow/dags/reddit_dag.py
[2024-01-23T18:29:05.355+0000] {logging_mixin.py:188} INFO - [2024-01-23T18:29:05.354+0000] {dag.py:3033} INFO - Sync 1 DAGs
[2024-01-23T18:29:05.466+0000] {logging_mixin.py:188} INFO - [2024-01-23T18:29:05.465+0000] {dag.py:3820} INFO - Setting next_dagrun for etl_reddit_pipeline to 2024-01-23T00:00:00+00:00, run_after=2024-01-24T00:00:00+00:00
[2024-01-23T18:29:05.550+0000] {processor.py:183} INFO - Processing /opt/airflow/dags/reddit_dag.py took 10.687 seconds
[2024-01-23T18:29:35.819+0000] {processor.py:161} INFO - Started process (PID=55) to work on /opt/airflow/dags/reddit_dag.py
[2024-01-23T18:29:35.835+0000] {processor.py:830} INFO - Processing file /opt/airflow/dags/reddit_dag.py for tasks to queue
[2024-01-23T18:29:35.840+0000] {logging_mixin.py:188} INFO - [2024-01-23T18:29:35.839+0000] {dagbag.py:538} INFO - Filling up the DagBag from /opt/airflow/dags/reddit_dag.py
[2024-01-23T18:29:39.681+0000] {processor.py:840} INFO - DAG(s) 'etl_reddit_pipeline' retrieved from /opt/airflow/dags/reddit_dag.py
[2024-01-23T18:29:39.896+0000] {logging_mixin.py:188} INFO - [2024-01-23T18:29:39.895+0000] {dag.py:3033} INFO - Sync 1 DAGs
[2024-01-23T18:29:39.997+0000] {logging_mixin.py:188} INFO - [2024-01-23T18:29:39.994+0000] {dag.py:3820} INFO - Setting next_dagrun for etl_reddit_pipeline to 2024-01-23T00:00:00+00:00, run_after=2024-01-24T00:00:00+00:00
[2024-01-23T18:29:40.091+0000] {processor.py:183} INFO - Processing /opt/airflow/dags/reddit_dag.py took 4.286 seconds
[2024-01-23T18:30:10.412+0000] {processor.py:161} INFO - Started process (PID=57) to work on /opt/airflow/dags/reddit_dag.py
[2024-01-23T18:30:10.423+0000] {processor.py:830} INFO - Processing file /opt/airflow/dags/reddit_dag.py for tasks to queue
[2024-01-23T18:30:10.429+0000] {logging_mixin.py:188} INFO - [2024-01-23T18:30:10.428+0000] {dagbag.py:538} INFO - Filling up the DagBag from /opt/airflow/dags/reddit_dag.py
[2024-01-23T18:30:13.797+0000] {processor.py:840} INFO - DAG(s) 'etl_reddit_pipeline' retrieved from /opt/airflow/dags/reddit_dag.py
[2024-01-23T18:30:13.862+0000] {logging_mixin.py:188} INFO - [2024-01-23T18:30:13.861+0000] {dag.py:3033} INFO - Sync 1 DAGs
[2024-01-23T18:30:13.896+0000] {logging_mixin.py:188} INFO - [2024-01-23T18:30:13.896+0000] {dag.py:3820} INFO - Setting next_dagrun for etl_reddit_pipeline to 2024-01-23T00:00:00+00:00, run_after=2024-01-24T00:00:00+00:00
[2024-01-23T18:30:13.953+0000] {processor.py:183} INFO - Processing /opt/airflow/dags/reddit_dag.py took 3.549 seconds
[2024-01-23T18:30:44.396+0000] {processor.py:161} INFO - Started process (PID=59) to work on /opt/airflow/dags/reddit_dag.py
[2024-01-23T18:30:44.403+0000] {processor.py:830} INFO - Processing file /opt/airflow/dags/reddit_dag.py for tasks to queue
[2024-01-23T18:30:44.409+0000] {logging_mixin.py:188} INFO - [2024-01-23T18:30:44.408+0000] {dagbag.py:538} INFO - Filling up the DagBag from /opt/airflow/dags/reddit_dag.py
[2024-01-23T18:30:45.387+0000] {processor.py:840} INFO - DAG(s) 'etl_reddit_pipeline' retrieved from /opt/airflow/dags/reddit_dag.py
[2024-01-23T18:30:45.417+0000] {logging_mixin.py:188} INFO - [2024-01-23T18:30:45.416+0000] {dag.py:3033} INFO - Sync 1 DAGs
[2024-01-23T18:30:45.447+0000] {logging_mixin.py:188} INFO - [2024-01-23T18:30:45.447+0000] {dag.py:3820} INFO - Setting next_dagrun for etl_reddit_pipeline to 2024-01-23T00:00:00+00:00, run_after=2024-01-24T00:00:00+00:00
[2024-01-23T18:30:45.484+0000] {processor.py:183} INFO - Processing /opt/airflow/dags/reddit_dag.py took 1.098 seconds
[2024-01-23T18:31:15.900+0000] {processor.py:161} INFO - Started process (PID=61) to work on /opt/airflow/dags/reddit_dag.py
[2024-01-23T18:31:15.902+0000] {processor.py:830} INFO - Processing file /opt/airflow/dags/reddit_dag.py for tasks to queue
[2024-01-23T18:31:15.907+0000] {logging_mixin.py:188} INFO - [2024-01-23T18:31:15.907+0000] {dagbag.py:538} INFO - Filling up the DagBag from /opt/airflow/dags/reddit_dag.py
[2024-01-23T18:31:16.774+0000] {processor.py:840} INFO - DAG(s) 'etl_reddit_pipeline' retrieved from /opt/airflow/dags/reddit_dag.py
[2024-01-23T18:31:16.823+0000] {logging_mixin.py:188} INFO - [2024-01-23T18:31:16.822+0000] {dag.py:3033} INFO - Sync 1 DAGs
[2024-01-23T18:31:16.873+0000] {logging_mixin.py:188} INFO - [2024-01-23T18:31:16.873+0000] {dag.py:3820} INFO - Setting next_dagrun for etl_reddit_pipeline to 2024-01-23T00:00:00+00:00, run_after=2024-01-24T00:00:00+00:00
[2024-01-23T18:31:16.921+0000] {processor.py:183} INFO - Processing /opt/airflow/dags/reddit_dag.py took 1.028 seconds
[2024-01-23T18:31:47.430+0000] {processor.py:161} INFO - Started process (PID=63) to work on /opt/airflow/dags/reddit_dag.py
[2024-01-23T18:31:47.432+0000] {processor.py:830} INFO - Processing file /opt/airflow/dags/reddit_dag.py for tasks to queue
[2024-01-23T18:31:47.435+0000] {logging_mixin.py:188} INFO - [2024-01-23T18:31:47.434+0000] {dagbag.py:538} INFO - Filling up the DagBag from /opt/airflow/dags/reddit_dag.py
[2024-01-23T18:31:48.171+0000] {processor.py:840} INFO - DAG(s) 'etl_reddit_pipeline' retrieved from /opt/airflow/dags/reddit_dag.py
[2024-01-23T18:31:48.201+0000] {logging_mixin.py:188} INFO - [2024-01-23T18:31:48.201+0000] {dag.py:3033} INFO - Sync 1 DAGs
[2024-01-23T18:31:48.230+0000] {logging_mixin.py:188} INFO - [2024-01-23T18:31:48.230+0000] {dag.py:3820} INFO - Setting next_dagrun for etl_reddit_pipeline to 2024-01-23T00:00:00+00:00, run_after=2024-01-24T00:00:00+00:00
[2024-01-23T18:31:48.277+0000] {processor.py:183} INFO - Processing /opt/airflow/dags/reddit_dag.py took 0.851 seconds
[2024-01-23T18:32:18.950+0000] {processor.py:161} INFO - Started process (PID=65) to work on /opt/airflow/dags/reddit_dag.py
[2024-01-23T18:32:18.952+0000] {processor.py:830} INFO - Processing file /opt/airflow/dags/reddit_dag.py for tasks to queue
[2024-01-23T18:32:18.954+0000] {logging_mixin.py:188} INFO - [2024-01-23T18:32:18.954+0000] {dagbag.py:538} INFO - Filling up the DagBag from /opt/airflow/dags/reddit_dag.py
[2024-01-23T18:32:19.719+0000] {processor.py:840} INFO - DAG(s) 'etl_reddit_pipeline' retrieved from /opt/airflow/dags/reddit_dag.py
[2024-01-23T18:32:19.775+0000] {logging_mixin.py:188} INFO - [2024-01-23T18:32:19.775+0000] {dag.py:3033} INFO - Sync 1 DAGs
[2024-01-23T18:32:19.812+0000] {logging_mixin.py:188} INFO - [2024-01-23T18:32:19.812+0000] {dag.py:3820} INFO - Setting next_dagrun for etl_reddit_pipeline to 2024-01-23T00:00:00+00:00, run_after=2024-01-24T00:00:00+00:00
[2024-01-23T18:32:19.864+0000] {processor.py:183} INFO - Processing /opt/airflow/dags/reddit_dag.py took 0.918 seconds
[2024-01-23T18:32:50.446+0000] {processor.py:161} INFO - Started process (PID=67) to work on /opt/airflow/dags/reddit_dag.py
[2024-01-23T18:32:50.448+0000] {processor.py:830} INFO - Processing file /opt/airflow/dags/reddit_dag.py for tasks to queue
[2024-01-23T18:32:50.453+0000] {logging_mixin.py:188} INFO - [2024-01-23T18:32:50.452+0000] {dagbag.py:538} INFO - Filling up the DagBag from /opt/airflow/dags/reddit_dag.py
[2024-01-23T18:32:51.277+0000] {processor.py:840} INFO - DAG(s) 'etl_reddit_pipeline' retrieved from /opt/airflow/dags/reddit_dag.py
[2024-01-23T18:32:51.306+0000] {logging_mixin.py:188} INFO - [2024-01-23T18:32:51.306+0000] {dag.py:3033} INFO - Sync 1 DAGs
[2024-01-23T18:32:51.345+0000] {logging_mixin.py:188} INFO - [2024-01-23T18:32:51.344+0000] {dag.py:3820} INFO - Setting next_dagrun for etl_reddit_pipeline to 2024-01-23T00:00:00+00:00, run_after=2024-01-24T00:00:00+00:00
[2024-01-23T18:32:51.381+0000] {processor.py:183} INFO - Processing /opt/airflow/dags/reddit_dag.py took 0.942 seconds
[2024-01-23T18:33:22.001+0000] {processor.py:161} INFO - Started process (PID=69) to work on /opt/airflow/dags/reddit_dag.py
[2024-01-23T18:33:22.003+0000] {processor.py:830} INFO - Processing file /opt/airflow/dags/reddit_dag.py for tasks to queue
[2024-01-23T18:33:22.006+0000] {logging_mixin.py:188} INFO - [2024-01-23T18:33:22.006+0000] {dagbag.py:538} INFO - Filling up the DagBag from /opt/airflow/dags/reddit_dag.py
[2024-01-23T18:33:22.747+0000] {processor.py:840} INFO - DAG(s) 'etl_reddit_pipeline' retrieved from /opt/airflow/dags/reddit_dag.py
[2024-01-23T18:33:22.775+0000] {logging_mixin.py:188} INFO - [2024-01-23T18:33:22.774+0000] {dag.py:3033} INFO - Sync 1 DAGs
[2024-01-23T18:33:22.804+0000] {logging_mixin.py:188} INFO - [2024-01-23T18:33:22.804+0000] {dag.py:3820} INFO - Setting next_dagrun for etl_reddit_pipeline to 2024-01-23T00:00:00+00:00, run_after=2024-01-24T00:00:00+00:00
[2024-01-23T18:33:22.838+0000] {processor.py:183} INFO - Processing /opt/airflow/dags/reddit_dag.py took 0.842 seconds
[2024-01-23T18:33:53.437+0000] {processor.py:161} INFO - Started process (PID=71) to work on /opt/airflow/dags/reddit_dag.py
[2024-01-23T18:33:53.439+0000] {processor.py:830} INFO - Processing file /opt/airflow/dags/reddit_dag.py for tasks to queue
[2024-01-23T18:33:53.442+0000] {logging_mixin.py:188} INFO - [2024-01-23T18:33:53.442+0000] {dagbag.py:538} INFO - Filling up the DagBag from /opt/airflow/dags/reddit_dag.py
[2024-01-23T18:33:54.303+0000] {processor.py:840} INFO - DAG(s) 'etl_reddit_pipeline' retrieved from /opt/airflow/dags/reddit_dag.py
[2024-01-23T18:33:54.334+0000] {logging_mixin.py:188} INFO - [2024-01-23T18:33:54.333+0000] {dag.py:3033} INFO - Sync 1 DAGs
[2024-01-23T18:33:54.362+0000] {logging_mixin.py:188} INFO - [2024-01-23T18:33:54.362+0000] {dag.py:3820} INFO - Setting next_dagrun for etl_reddit_pipeline to 2024-01-23T00:00:00+00:00, run_after=2024-01-24T00:00:00+00:00
[2024-01-23T18:33:54.396+0000] {processor.py:183} INFO - Processing /opt/airflow/dags/reddit_dag.py took 0.968 seconds
[2024-01-23T18:34:24.956+0000] {processor.py:161} INFO - Started process (PID=73) to work on /opt/airflow/dags/reddit_dag.py
[2024-01-23T18:34:24.958+0000] {processor.py:830} INFO - Processing file /opt/airflow/dags/reddit_dag.py for tasks to queue
[2024-01-23T18:34:24.963+0000] {logging_mixin.py:188} INFO - [2024-01-23T18:34:24.962+0000] {dagbag.py:538} INFO - Filling up the DagBag from /opt/airflow/dags/reddit_dag.py
[2024-01-23T18:34:25.820+0000] {processor.py:840} INFO - DAG(s) 'etl_reddit_pipeline' retrieved from /opt/airflow/dags/reddit_dag.py
[2024-01-23T18:34:25.850+0000] {logging_mixin.py:188} INFO - [2024-01-23T18:34:25.850+0000] {dag.py:3033} INFO - Sync 1 DAGs
[2024-01-23T18:34:25.879+0000] {logging_mixin.py:188} INFO - [2024-01-23T18:34:25.879+0000] {dag.py:3820} INFO - Setting next_dagrun for etl_reddit_pipeline to 2024-01-23T00:00:00+00:00, run_after=2024-01-24T00:00:00+00:00
[2024-01-23T18:34:25.907+0000] {processor.py:183} INFO - Processing /opt/airflow/dags/reddit_dag.py took 0.967 seconds
[2024-01-23T18:34:56.451+0000] {processor.py:161} INFO - Started process (PID=75) to work on /opt/airflow/dags/reddit_dag.py
[2024-01-23T18:34:56.453+0000] {processor.py:830} INFO - Processing file /opt/airflow/dags/reddit_dag.py for tasks to queue
[2024-01-23T18:34:56.457+0000] {logging_mixin.py:188} INFO - [2024-01-23T18:34:56.457+0000] {dagbag.py:538} INFO - Filling up the DagBag from /opt/airflow/dags/reddit_dag.py
[2024-01-23T18:34:57.269+0000] {processor.py:840} INFO - DAG(s) 'etl_reddit_pipeline' retrieved from /opt/airflow/dags/reddit_dag.py
[2024-01-23T18:34:57.330+0000] {logging_mixin.py:188} INFO - [2024-01-23T18:34:57.330+0000] {dag.py:3033} INFO - Sync 1 DAGs
[2024-01-23T18:34:57.373+0000] {logging_mixin.py:188} INFO - [2024-01-23T18:34:57.372+0000] {dag.py:3820} INFO - Setting next_dagrun for etl_reddit_pipeline to 2024-01-23T00:00:00+00:00, run_after=2024-01-24T00:00:00+00:00
[2024-01-23T18:34:57.426+0000] {processor.py:183} INFO - Processing /opt/airflow/dags/reddit_dag.py took 0.980 seconds
[2024-01-23T18:35:27.963+0000] {processor.py:161} INFO - Started process (PID=77) to work on /opt/airflow/dags/reddit_dag.py
[2024-01-23T18:35:27.966+0000] {processor.py:830} INFO - Processing file /opt/airflow/dags/reddit_dag.py for tasks to queue
[2024-01-23T18:35:27.975+0000] {logging_mixin.py:188} INFO - [2024-01-23T18:35:27.972+0000] {dagbag.py:538} INFO - Filling up the DagBag from /opt/airflow/dags/reddit_dag.py
[2024-01-23T18:35:29.035+0000] {processor.py:840} INFO - DAG(s) 'etl_reddit_pipeline' retrieved from /opt/airflow/dags/reddit_dag.py
[2024-01-23T18:35:29.071+0000] {logging_mixin.py:188} INFO - [2024-01-23T18:35:29.070+0000] {dag.py:3033} INFO - Sync 1 DAGs
[2024-01-23T18:35:29.099+0000] {logging_mixin.py:188} INFO - [2024-01-23T18:35:29.098+0000] {dag.py:3820} INFO - Setting next_dagrun for etl_reddit_pipeline to 2024-01-23T00:00:00+00:00, run_after=2024-01-24T00:00:00+00:00
[2024-01-23T18:35:29.124+0000] {processor.py:183} INFO - Processing /opt/airflow/dags/reddit_dag.py took 1.174 seconds
[2024-01-23T18:35:59.473+0000] {processor.py:161} INFO - Started process (PID=79) to work on /opt/airflow/dags/reddit_dag.py
[2024-01-23T18:35:59.476+0000] {processor.py:830} INFO - Processing file /opt/airflow/dags/reddit_dag.py for tasks to queue
[2024-01-23T18:35:59.482+0000] {logging_mixin.py:188} INFO - [2024-01-23T18:35:59.481+0000] {dagbag.py:538} INFO - Filling up the DagBag from /opt/airflow/dags/reddit_dag.py
[2024-01-23T18:36:01.301+0000] {processor.py:840} INFO - DAG(s) 'etl_reddit_pipeline' retrieved from /opt/airflow/dags/reddit_dag.py
[2024-01-23T18:36:01.391+0000] {logging_mixin.py:188} INFO - [2024-01-23T18:36:01.390+0000] {dag.py:3033} INFO - Sync 1 DAGs
[2024-01-23T18:36:01.465+0000] {logging_mixin.py:188} INFO - [2024-01-23T18:36:01.465+0000] {dag.py:3820} INFO - Setting next_dagrun for etl_reddit_pipeline to 2024-01-23T00:00:00+00:00, run_after=2024-01-24T00:00:00+00:00
[2024-01-23T18:36:01.519+0000] {processor.py:183} INFO - Processing /opt/airflow/dags/reddit_dag.py took 2.060 seconds
[2024-01-23T18:36:31.906+0000] {processor.py:161} INFO - Started process (PID=81) to work on /opt/airflow/dags/reddit_dag.py
[2024-01-23T18:36:31.907+0000] {processor.py:830} INFO - Processing file /opt/airflow/dags/reddit_dag.py for tasks to queue
[2024-01-23T18:36:31.911+0000] {logging_mixin.py:188} INFO - [2024-01-23T18:36:31.910+0000] {dagbag.py:538} INFO - Filling up the DagBag from /opt/airflow/dags/reddit_dag.py
[2024-01-23T18:36:32.940+0000] {processor.py:840} INFO - DAG(s) 'etl_reddit_pipeline' retrieved from /opt/airflow/dags/reddit_dag.py
[2024-01-23T18:36:32.972+0000] {logging_mixin.py:188} INFO - [2024-01-23T18:36:32.971+0000] {dag.py:3033} INFO - Sync 1 DAGs
[2024-01-23T18:36:33.003+0000] {logging_mixin.py:188} INFO - [2024-01-23T18:36:33.003+0000] {dag.py:3820} INFO - Setting next_dagrun for etl_reddit_pipeline to 2024-01-23T00:00:00+00:00, run_after=2024-01-24T00:00:00+00:00
[2024-01-23T18:36:33.042+0000] {processor.py:183} INFO - Processing /opt/airflow/dags/reddit_dag.py took 1.142 seconds
[2024-01-23T18:37:03.587+0000] {processor.py:161} INFO - Started process (PID=83) to work on /opt/airflow/dags/reddit_dag.py
[2024-01-23T18:37:03.589+0000] {processor.py:830} INFO - Processing file /opt/airflow/dags/reddit_dag.py for tasks to queue
[2024-01-23T18:37:03.593+0000] {logging_mixin.py:188} INFO - [2024-01-23T18:37:03.592+0000] {dagbag.py:538} INFO - Filling up the DagBag from /opt/airflow/dags/reddit_dag.py
[2024-01-23T18:37:04.474+0000] {processor.py:840} INFO - DAG(s) 'etl_reddit_pipeline' retrieved from /opt/airflow/dags/reddit_dag.py
[2024-01-23T18:37:04.500+0000] {logging_mixin.py:188} INFO - [2024-01-23T18:37:04.500+0000] {dag.py:3033} INFO - Sync 1 DAGs
[2024-01-23T18:37:04.530+0000] {logging_mixin.py:188} INFO - [2024-01-23T18:37:04.530+0000] {dag.py:3820} INFO - Setting next_dagrun for etl_reddit_pipeline to 2024-01-23T00:00:00+00:00, run_after=2024-01-24T00:00:00+00:00
[2024-01-23T18:37:04.571+0000] {processor.py:183} INFO - Processing /opt/airflow/dags/reddit_dag.py took 0.990 seconds
[2024-01-23T18:37:35.078+0000] {processor.py:161} INFO - Started process (PID=85) to work on /opt/airflow/dags/reddit_dag.py
[2024-01-23T18:37:35.080+0000] {processor.py:830} INFO - Processing file /opt/airflow/dags/reddit_dag.py for tasks to queue
[2024-01-23T18:37:35.082+0000] {logging_mixin.py:188} INFO - [2024-01-23T18:37:35.082+0000] {dagbag.py:538} INFO - Filling up the DagBag from /opt/airflow/dags/reddit_dag.py
[2024-01-23T18:37:35.845+0000] {processor.py:840} INFO - DAG(s) 'etl_reddit_pipeline' retrieved from /opt/airflow/dags/reddit_dag.py
[2024-01-23T18:37:35.895+0000] {logging_mixin.py:188} INFO - [2024-01-23T18:37:35.894+0000] {dag.py:3033} INFO - Sync 1 DAGs
[2024-01-23T18:37:35.950+0000] {logging_mixin.py:188} INFO - [2024-01-23T18:37:35.949+0000] {dag.py:3820} INFO - Setting next_dagrun for etl_reddit_pipeline to 2024-01-23T00:00:00+00:00, run_after=2024-01-24T00:00:00+00:00
[2024-01-23T18:37:36.003+0000] {processor.py:183} INFO - Processing /opt/airflow/dags/reddit_dag.py took 0.929 seconds
[2024-01-23T18:38:06.603+0000] {processor.py:161} INFO - Started process (PID=87) to work on /opt/airflow/dags/reddit_dag.py
[2024-01-23T18:38:06.605+0000] {processor.py:830} INFO - Processing file /opt/airflow/dags/reddit_dag.py for tasks to queue
[2024-01-23T18:38:06.609+0000] {logging_mixin.py:188} INFO - [2024-01-23T18:38:06.608+0000] {dagbag.py:538} INFO - Filling up the DagBag from /opt/airflow/dags/reddit_dag.py
[2024-01-23T18:38:07.421+0000] {processor.py:840} INFO - DAG(s) 'etl_reddit_pipeline' retrieved from /opt/airflow/dags/reddit_dag.py
[2024-01-23T18:38:07.446+0000] {logging_mixin.py:188} INFO - [2024-01-23T18:38:07.446+0000] {dag.py:3033} INFO - Sync 1 DAGs
[2024-01-23T18:38:07.470+0000] {logging_mixin.py:188} INFO - [2024-01-23T18:38:07.469+0000] {dag.py:3820} INFO - Setting next_dagrun for etl_reddit_pipeline to 2024-01-23T00:00:00+00:00, run_after=2024-01-24T00:00:00+00:00
[2024-01-23T18:38:07.504+0000] {processor.py:183} INFO - Processing /opt/airflow/dags/reddit_dag.py took 0.907 seconds
[2024-01-23T18:38:38.050+0000] {processor.py:161} INFO - Started process (PID=89) to work on /opt/airflow/dags/reddit_dag.py
[2024-01-23T18:38:38.053+0000] {processor.py:830} INFO - Processing file /opt/airflow/dags/reddit_dag.py for tasks to queue
[2024-01-23T18:38:38.062+0000] {logging_mixin.py:188} INFO - [2024-01-23T18:38:38.061+0000] {dagbag.py:538} INFO - Filling up the DagBag from /opt/airflow/dags/reddit_dag.py
[2024-01-23T18:38:39.363+0000] {processor.py:840} INFO - DAG(s) 'etl_reddit_pipeline' retrieved from /opt/airflow/dags/reddit_dag.py
[2024-01-23T18:38:39.392+0000] {logging_mixin.py:188} INFO - [2024-01-23T18:38:39.391+0000] {dag.py:3033} INFO - Sync 1 DAGs
[2024-01-23T18:38:39.423+0000] {logging_mixin.py:188} INFO - [2024-01-23T18:38:39.423+0000] {dag.py:3820} INFO - Setting next_dagrun for etl_reddit_pipeline to 2024-01-23T00:00:00+00:00, run_after=2024-01-24T00:00:00+00:00
[2024-01-23T18:38:39.469+0000] {processor.py:183} INFO - Processing /opt/airflow/dags/reddit_dag.py took 1.432 seconds
[2024-01-23T18:39:10.003+0000] {processor.py:161} INFO - Started process (PID=91) to work on /opt/airflow/dags/reddit_dag.py
[2024-01-23T18:39:10.005+0000] {processor.py:830} INFO - Processing file /opt/airflow/dags/reddit_dag.py for tasks to queue
[2024-01-23T18:39:10.009+0000] {logging_mixin.py:188} INFO - [2024-01-23T18:39:10.008+0000] {dagbag.py:538} INFO - Filling up the DagBag from /opt/airflow/dags/reddit_dag.py
[2024-01-23T18:39:11.013+0000] {processor.py:840} INFO - DAG(s) 'etl_reddit_pipeline' retrieved from /opt/airflow/dags/reddit_dag.py
[2024-01-23T18:39:11.061+0000] {logging_mixin.py:188} INFO - [2024-01-23T18:39:11.060+0000] {dag.py:3033} INFO - Sync 1 DAGs
[2024-01-23T18:39:11.120+0000] {logging_mixin.py:188} INFO - [2024-01-23T18:39:11.120+0000] {dag.py:3820} INFO - Setting next_dagrun for etl_reddit_pipeline to 2024-01-23T00:00:00+00:00, run_after=2024-01-24T00:00:00+00:00
[2024-01-23T18:39:11.188+0000] {processor.py:183} INFO - Processing /opt/airflow/dags/reddit_dag.py took 1.191 seconds
[2024-01-23T18:39:41.441+0000] {processor.py:161} INFO - Started process (PID=93) to work on /opt/airflow/dags/reddit_dag.py
[2024-01-23T18:39:41.443+0000] {processor.py:830} INFO - Processing file /opt/airflow/dags/reddit_dag.py for tasks to queue
[2024-01-23T18:39:41.448+0000] {logging_mixin.py:188} INFO - [2024-01-23T18:39:41.447+0000] {dagbag.py:538} INFO - Filling up the DagBag from /opt/airflow/dags/reddit_dag.py
[2024-01-23T18:39:42.530+0000] {processor.py:840} INFO - DAG(s) 'etl_reddit_pipeline' retrieved from /opt/airflow/dags/reddit_dag.py
[2024-01-23T18:39:42.576+0000] {logging_mixin.py:188} INFO - [2024-01-23T18:39:42.575+0000] {dag.py:3033} INFO - Sync 1 DAGs
[2024-01-23T18:39:42.636+0000] {logging_mixin.py:188} INFO - [2024-01-23T18:39:42.635+0000] {dag.py:3820} INFO - Setting next_dagrun for etl_reddit_pipeline to 2024-01-23T00:00:00+00:00, run_after=2024-01-24T00:00:00+00:00
[2024-01-23T18:39:42.699+0000] {processor.py:183} INFO - Processing /opt/airflow/dags/reddit_dag.py took 1.265 seconds
[2024-01-23T18:40:13.119+0000] {processor.py:161} INFO - Started process (PID=95) to work on /opt/airflow/dags/reddit_dag.py
[2024-01-23T18:40:13.121+0000] {processor.py:830} INFO - Processing file /opt/airflow/dags/reddit_dag.py for tasks to queue
[2024-01-23T18:40:13.127+0000] {logging_mixin.py:188} INFO - [2024-01-23T18:40:13.126+0000] {dagbag.py:538} INFO - Filling up the DagBag from /opt/airflow/dags/reddit_dag.py
[2024-01-23T18:40:14.076+0000] {processor.py:840} INFO - DAG(s) 'etl_reddit_pipeline' retrieved from /opt/airflow/dags/reddit_dag.py
[2024-01-23T18:40:14.115+0000] {logging_mixin.py:188} INFO - [2024-01-23T18:40:14.114+0000] {dag.py:3033} INFO - Sync 1 DAGs
[2024-01-23T18:40:14.147+0000] {logging_mixin.py:188} INFO - [2024-01-23T18:40:14.147+0000] {dag.py:3820} INFO - Setting next_dagrun for etl_reddit_pipeline to 2024-01-23T00:00:00+00:00, run_after=2024-01-24T00:00:00+00:00
[2024-01-23T18:40:14.179+0000] {processor.py:183} INFO - Processing /opt/airflow/dags/reddit_dag.py took 1.066 seconds
[2024-01-23T18:40:44.563+0000] {processor.py:161} INFO - Started process (PID=97) to work on /opt/airflow/dags/reddit_dag.py
[2024-01-23T18:40:44.568+0000] {processor.py:830} INFO - Processing file /opt/airflow/dags/reddit_dag.py for tasks to queue
[2024-01-23T18:40:44.572+0000] {logging_mixin.py:188} INFO - [2024-01-23T18:40:44.571+0000] {dagbag.py:538} INFO - Filling up the DagBag from /opt/airflow/dags/reddit_dag.py
[2024-01-23T18:40:45.699+0000] {processor.py:840} INFO - DAG(s) 'etl_reddit_pipeline' retrieved from /opt/airflow/dags/reddit_dag.py
[2024-01-23T18:40:45.731+0000] {logging_mixin.py:188} INFO - [2024-01-23T18:40:45.731+0000] {dag.py:3033} INFO - Sync 1 DAGs
[2024-01-23T18:40:45.763+0000] {logging_mixin.py:188} INFO - [2024-01-23T18:40:45.763+0000] {dag.py:3820} INFO - Setting next_dagrun for etl_reddit_pipeline to 2024-01-23T00:00:00+00:00, run_after=2024-01-24T00:00:00+00:00
[2024-01-23T18:40:45.813+0000] {processor.py:183} INFO - Processing /opt/airflow/dags/reddit_dag.py took 1.256 seconds
[2024-01-23T18:41:16.119+0000] {processor.py:161} INFO - Started process (PID=99) to work on /opt/airflow/dags/reddit_dag.py
[2024-01-23T18:41:16.122+0000] {processor.py:830} INFO - Processing file /opt/airflow/dags/reddit_dag.py for tasks to queue
[2024-01-23T18:41:16.127+0000] {logging_mixin.py:188} INFO - [2024-01-23T18:41:16.126+0000] {dagbag.py:538} INFO - Filling up the DagBag from /opt/airflow/dags/reddit_dag.py
[2024-01-23T18:41:17.162+0000] {processor.py:840} INFO - DAG(s) 'etl_reddit_pipeline' retrieved from /opt/airflow/dags/reddit_dag.py
[2024-01-23T18:41:17.205+0000] {logging_mixin.py:188} INFO - [2024-01-23T18:41:17.204+0000] {dag.py:3033} INFO - Sync 1 DAGs
[2024-01-23T18:41:17.245+0000] {logging_mixin.py:188} INFO - [2024-01-23T18:41:17.245+0000] {dag.py:3820} INFO - Setting next_dagrun for etl_reddit_pipeline to 2024-01-23T00:00:00+00:00, run_after=2024-01-24T00:00:00+00:00
[2024-01-23T18:41:17.277+0000] {processor.py:183} INFO - Processing /opt/airflow/dags/reddit_dag.py took 1.173 seconds
[2024-01-23T18:41:47.763+0000] {processor.py:161} INFO - Started process (PID=101) to work on /opt/airflow/dags/reddit_dag.py
[2024-01-23T18:41:47.765+0000] {processor.py:830} INFO - Processing file /opt/airflow/dags/reddit_dag.py for tasks to queue
[2024-01-23T18:41:47.770+0000] {logging_mixin.py:188} INFO - [2024-01-23T18:41:47.770+0000] {dagbag.py:538} INFO - Filling up the DagBag from /opt/airflow/dags/reddit_dag.py
[2024-01-23T18:41:49.493+0000] {processor.py:840} INFO - DAG(s) 'etl_reddit_pipeline' retrieved from /opt/airflow/dags/reddit_dag.py
[2024-01-23T18:41:49.540+0000] {logging_mixin.py:188} INFO - [2024-01-23T18:41:49.540+0000] {dag.py:3033} INFO - Sync 1 DAGs
[2024-01-23T18:41:49.595+0000] {logging_mixin.py:188} INFO - [2024-01-23T18:41:49.595+0000] {dag.py:3820} INFO - Setting next_dagrun for etl_reddit_pipeline to 2024-01-23T00:00:00+00:00, run_after=2024-01-24T00:00:00+00:00
[2024-01-23T18:41:49.641+0000] {processor.py:183} INFO - Processing /opt/airflow/dags/reddit_dag.py took 1.887 seconds
[2024-01-23T18:42:20.442+0000] {processor.py:161} INFO - Started process (PID=103) to work on /opt/airflow/dags/reddit_dag.py
[2024-01-23T18:42:20.447+0000] {processor.py:830} INFO - Processing file /opt/airflow/dags/reddit_dag.py for tasks to queue
[2024-01-23T18:42:20.454+0000] {logging_mixin.py:188} INFO - [2024-01-23T18:42:20.453+0000] {dagbag.py:538} INFO - Filling up the DagBag from /opt/airflow/dags/reddit_dag.py
[2024-01-23T18:42:22.585+0000] {processor.py:840} INFO - DAG(s) 'etl_reddit_pipeline' retrieved from /opt/airflow/dags/reddit_dag.py
[2024-01-23T18:42:22.652+0000] {logging_mixin.py:188} INFO - [2024-01-23T18:42:22.651+0000] {dag.py:3033} INFO - Sync 1 DAGs
[2024-01-23T18:42:22.709+0000] {logging_mixin.py:188} INFO - [2024-01-23T18:42:22.708+0000] {dag.py:3820} INFO - Setting next_dagrun for etl_reddit_pipeline to 2024-01-23T00:00:00+00:00, run_after=2024-01-24T00:00:00+00:00
[2024-01-23T18:42:22.754+0000] {processor.py:183} INFO - Processing /opt/airflow/dags/reddit_dag.py took 2.328 seconds
[2024-01-23T18:42:53.051+0000] {processor.py:161} INFO - Started process (PID=105) to work on /opt/airflow/dags/reddit_dag.py
[2024-01-23T18:42:53.056+0000] {processor.py:830} INFO - Processing file /opt/airflow/dags/reddit_dag.py for tasks to queue
[2024-01-23T18:42:53.065+0000] {logging_mixin.py:188} INFO - [2024-01-23T18:42:53.064+0000] {dagbag.py:538} INFO - Filling up the DagBag from /opt/airflow/dags/reddit_dag.py
[2024-01-23T18:42:54.839+0000] {processor.py:840} INFO - DAG(s) 'etl_reddit_pipeline' retrieved from /opt/airflow/dags/reddit_dag.py
[2024-01-23T18:42:54.884+0000] {logging_mixin.py:188} INFO - [2024-01-23T18:42:54.883+0000] {dag.py:3033} INFO - Sync 1 DAGs
[2024-01-23T18:42:54.948+0000] {logging_mixin.py:188} INFO - [2024-01-23T18:42:54.947+0000] {dag.py:3820} INFO - Setting next_dagrun for etl_reddit_pipeline to 2024-01-23T00:00:00+00:00, run_after=2024-01-24T00:00:00+00:00
[2024-01-23T18:42:55.009+0000] {processor.py:183} INFO - Processing /opt/airflow/dags/reddit_dag.py took 1.976 seconds
[2024-01-23T18:43:25.711+0000] {processor.py:161} INFO - Started process (PID=107) to work on /opt/airflow/dags/reddit_dag.py
[2024-01-23T18:43:25.716+0000] {processor.py:830} INFO - Processing file /opt/airflow/dags/reddit_dag.py for tasks to queue
[2024-01-23T18:43:25.727+0000] {logging_mixin.py:188} INFO - [2024-01-23T18:43:25.726+0000] {dagbag.py:538} INFO - Filling up the DagBag from /opt/airflow/dags/reddit_dag.py
[2024-01-23T18:43:28.157+0000] {processor.py:840} INFO - DAG(s) 'etl_reddit_pipeline' retrieved from /opt/airflow/dags/reddit_dag.py
[2024-01-23T18:43:28.213+0000] {logging_mixin.py:188} INFO - [2024-01-23T18:43:28.212+0000] {dag.py:3033} INFO - Sync 1 DAGs
[2024-01-23T18:43:28.294+0000] {logging_mixin.py:188} INFO - [2024-01-23T18:43:28.293+0000] {dag.py:3820} INFO - Setting next_dagrun for etl_reddit_pipeline to 2024-01-23T00:00:00+00:00, run_after=2024-01-24T00:00:00+00:00
[2024-01-23T18:43:28.366+0000] {processor.py:183} INFO - Processing /opt/airflow/dags/reddit_dag.py took 2.671 seconds
[2024-01-23T18:43:59.164+0000] {processor.py:161} INFO - Started process (PID=109) to work on /opt/airflow/dags/reddit_dag.py
[2024-01-23T18:43:59.169+0000] {processor.py:830} INFO - Processing file /opt/airflow/dags/reddit_dag.py for tasks to queue
[2024-01-23T18:43:59.180+0000] {logging_mixin.py:188} INFO - [2024-01-23T18:43:59.179+0000] {dagbag.py:538} INFO - Filling up the DagBag from /opt/airflow/dags/reddit_dag.py
[2024-01-23T18:44:00.893+0000] {processor.py:840} INFO - DAG(s) 'etl_reddit_pipeline' retrieved from /opt/airflow/dags/reddit_dag.py
[2024-01-23T18:44:00.962+0000] {logging_mixin.py:188} INFO - [2024-01-23T18:44:00.961+0000] {dag.py:3033} INFO - Sync 1 DAGs
[2024-01-23T18:44:01.031+0000] {logging_mixin.py:188} INFO - [2024-01-23T18:44:01.031+0000] {dag.py:3820} INFO - Setting next_dagrun for etl_reddit_pipeline to 2024-01-23T00:00:00+00:00, run_after=2024-01-24T00:00:00+00:00
[2024-01-23T18:44:01.091+0000] {processor.py:183} INFO - Processing /opt/airflow/dags/reddit_dag.py took 1.942 seconds
[2024-01-23T18:44:31.785+0000] {processor.py:161} INFO - Started process (PID=111) to work on /opt/airflow/dags/reddit_dag.py
[2024-01-23T18:44:31.791+0000] {processor.py:830} INFO - Processing file /opt/airflow/dags/reddit_dag.py for tasks to queue
[2024-01-23T18:44:31.803+0000] {logging_mixin.py:188} INFO - [2024-01-23T18:44:31.801+0000] {dagbag.py:538} INFO - Filling up the DagBag from /opt/airflow/dags/reddit_dag.py
[2024-01-23T18:44:33.271+0000] {processor.py:840} INFO - DAG(s) 'etl_reddit_pipeline' retrieved from /opt/airflow/dags/reddit_dag.py
[2024-01-23T18:44:33.308+0000] {logging_mixin.py:188} INFO - [2024-01-23T18:44:33.308+0000] {dag.py:3033} INFO - Sync 1 DAGs
[2024-01-23T18:44:33.359+0000] {logging_mixin.py:188} INFO - [2024-01-23T18:44:33.359+0000] {dag.py:3820} INFO - Setting next_dagrun for etl_reddit_pipeline to 2024-01-23T00:00:00+00:00, run_after=2024-01-24T00:00:00+00:00
[2024-01-23T18:44:33.413+0000] {processor.py:183} INFO - Processing /opt/airflow/dags/reddit_dag.py took 1.645 seconds
[2024-01-23T18:45:04.043+0000] {processor.py:161} INFO - Started process (PID=113) to work on /opt/airflow/dags/reddit_dag.py
[2024-01-23T18:45:04.046+0000] {processor.py:830} INFO - Processing file /opt/airflow/dags/reddit_dag.py for tasks to queue
[2024-01-23T18:45:04.052+0000] {logging_mixin.py:188} INFO - [2024-01-23T18:45:04.051+0000] {dagbag.py:538} INFO - Filling up the DagBag from /opt/airflow/dags/reddit_dag.py
[2024-01-23T18:45:05.393+0000] {processor.py:840} INFO - DAG(s) 'etl_reddit_pipeline' retrieved from /opt/airflow/dags/reddit_dag.py
[2024-01-23T18:45:05.457+0000] {logging_mixin.py:188} INFO - [2024-01-23T18:45:05.456+0000] {dag.py:3033} INFO - Sync 1 DAGs
[2024-01-23T18:45:05.513+0000] {logging_mixin.py:188} INFO - [2024-01-23T18:45:05.513+0000] {dag.py:3820} INFO - Setting next_dagrun for etl_reddit_pipeline to 2024-01-23T00:00:00+00:00, run_after=2024-01-24T00:00:00+00:00
[2024-01-23T18:45:05.566+0000] {processor.py:183} INFO - Processing /opt/airflow/dags/reddit_dag.py took 1.535 seconds
[2024-01-23T18:45:35.942+0000] {processor.py:161} INFO - Started process (PID=115) to work on /opt/airflow/dags/reddit_dag.py
[2024-01-23T18:45:35.948+0000] {processor.py:830} INFO - Processing file /opt/airflow/dags/reddit_dag.py for tasks to queue
[2024-01-23T18:45:35.961+0000] {logging_mixin.py:188} INFO - [2024-01-23T18:45:35.960+0000] {dagbag.py:538} INFO - Filling up the DagBag from /opt/airflow/dags/reddit_dag.py
[2024-01-23T18:45:37.998+0000] {processor.py:840} INFO - DAG(s) 'etl_reddit_pipeline' retrieved from /opt/airflow/dags/reddit_dag.py
[2024-01-23T18:45:38.056+0000] {logging_mixin.py:188} INFO - [2024-01-23T18:45:38.055+0000] {dag.py:3033} INFO - Sync 1 DAGs
[2024-01-23T18:45:38.174+0000] {logging_mixin.py:188} INFO - [2024-01-23T18:45:38.173+0000] {dag.py:3820} INFO - Setting next_dagrun for etl_reddit_pipeline to 2024-01-23T00:00:00+00:00, run_after=2024-01-24T00:00:00+00:00
[2024-01-23T18:45:38.291+0000] {processor.py:183} INFO - Processing /opt/airflow/dags/reddit_dag.py took 2.370 seconds
[2024-01-23T18:46:08.727+0000] {processor.py:161} INFO - Started process (PID=117) to work on /opt/airflow/dags/reddit_dag.py
[2024-01-23T18:46:08.734+0000] {processor.py:830} INFO - Processing file /opt/airflow/dags/reddit_dag.py for tasks to queue
[2024-01-23T18:46:08.743+0000] {logging_mixin.py:188} INFO - [2024-01-23T18:46:08.742+0000] {dagbag.py:538} INFO - Filling up the DagBag from /opt/airflow/dags/reddit_dag.py
[2024-01-23T18:46:10.622+0000] {processor.py:840} INFO - DAG(s) 'etl_reddit_pipeline' retrieved from /opt/airflow/dags/reddit_dag.py
[2024-01-23T18:46:10.672+0000] {logging_mixin.py:188} INFO - [2024-01-23T18:46:10.671+0000] {dag.py:3033} INFO - Sync 1 DAGs
[2024-01-23T18:46:10.766+0000] {logging_mixin.py:188} INFO - [2024-01-23T18:46:10.766+0000] {dag.py:3820} INFO - Setting next_dagrun for etl_reddit_pipeline to 2024-01-23T00:00:00+00:00, run_after=2024-01-24T00:00:00+00:00
[2024-01-23T18:46:10.854+0000] {processor.py:183} INFO - Processing /opt/airflow/dags/reddit_dag.py took 2.151 seconds
[2024-01-23T18:46:41.567+0000] {processor.py:161} INFO - Started process (PID=119) to work on /opt/airflow/dags/reddit_dag.py
[2024-01-23T18:46:41.572+0000] {processor.py:830} INFO - Processing file /opt/airflow/dags/reddit_dag.py for tasks to queue
[2024-01-23T18:46:41.584+0000] {logging_mixin.py:188} INFO - [2024-01-23T18:46:41.583+0000] {dagbag.py:538} INFO - Filling up the DagBag from /opt/airflow/dags/reddit_dag.py
[2024-01-23T18:46:43.379+0000] {processor.py:840} INFO - DAG(s) 'etl_reddit_pipeline' retrieved from /opt/airflow/dags/reddit_dag.py
[2024-01-23T18:46:43.437+0000] {logging_mixin.py:188} INFO - [2024-01-23T18:46:43.437+0000] {dag.py:3033} INFO - Sync 1 DAGs
[2024-01-23T18:46:43.498+0000] {logging_mixin.py:188} INFO - [2024-01-23T18:46:43.497+0000] {dag.py:3820} INFO - Setting next_dagrun for etl_reddit_pipeline to 2024-01-23T00:00:00+00:00, run_after=2024-01-24T00:00:00+00:00
[2024-01-23T18:46:43.565+0000] {processor.py:183} INFO - Processing /opt/airflow/dags/reddit_dag.py took 2.015 seconds
[2024-01-23T18:47:14.282+0000] {processor.py:161} INFO - Started process (PID=121) to work on /opt/airflow/dags/reddit_dag.py
[2024-01-23T18:47:14.290+0000] {processor.py:830} INFO - Processing file /opt/airflow/dags/reddit_dag.py for tasks to queue
[2024-01-23T18:47:14.304+0000] {logging_mixin.py:188} INFO - [2024-01-23T18:47:14.301+0000] {dagbag.py:538} INFO - Filling up the DagBag from /opt/airflow/dags/reddit_dag.py
[2024-01-23T18:47:16.291+0000] {processor.py:840} INFO - DAG(s) 'etl_reddit_pipeline' retrieved from /opt/airflow/dags/reddit_dag.py
[2024-01-23T18:47:16.329+0000] {logging_mixin.py:188} INFO - [2024-01-23T18:47:16.329+0000] {dag.py:3033} INFO - Sync 1 DAGs
[2024-01-23T18:47:16.392+0000] {logging_mixin.py:188} INFO - [2024-01-23T18:47:16.392+0000] {dag.py:3820} INFO - Setting next_dagrun for etl_reddit_pipeline to 2024-01-23T00:00:00+00:00, run_after=2024-01-24T00:00:00+00:00
[2024-01-23T18:47:16.481+0000] {processor.py:183} INFO - Processing /opt/airflow/dags/reddit_dag.py took 2.232 seconds
[2024-01-23T18:47:46.919+0000] {processor.py:161} INFO - Started process (PID=123) to work on /opt/airflow/dags/reddit_dag.py
[2024-01-23T18:47:46.924+0000] {processor.py:830} INFO - Processing file /opt/airflow/dags/reddit_dag.py for tasks to queue
[2024-01-23T18:47:46.935+0000] {logging_mixin.py:188} INFO - [2024-01-23T18:47:46.933+0000] {dagbag.py:538} INFO - Filling up the DagBag from /opt/airflow/dags/reddit_dag.py
[2024-01-23T18:47:48.820+0000] {processor.py:840} INFO - DAG(s) 'etl_reddit_pipeline' retrieved from /opt/airflow/dags/reddit_dag.py
[2024-01-23T18:47:48.911+0000] {logging_mixin.py:188} INFO - [2024-01-23T18:47:48.910+0000] {dag.py:3033} INFO - Sync 1 DAGs
[2024-01-23T18:47:49.013+0000] {logging_mixin.py:188} INFO - [2024-01-23T18:47:49.012+0000] {dag.py:3820} INFO - Setting next_dagrun for etl_reddit_pipeline to 2024-01-23T00:00:00+00:00, run_after=2024-01-24T00:00:00+00:00
[2024-01-23T18:47:49.105+0000] {processor.py:183} INFO - Processing /opt/airflow/dags/reddit_dag.py took 2.212 seconds
[2024-01-23T18:48:19.660+0000] {processor.py:161} INFO - Started process (PID=125) to work on /opt/airflow/dags/reddit_dag.py
[2024-01-23T18:48:19.664+0000] {processor.py:830} INFO - Processing file /opt/airflow/dags/reddit_dag.py for tasks to queue
[2024-01-23T18:48:19.674+0000] {logging_mixin.py:188} INFO - [2024-01-23T18:48:19.673+0000] {dagbag.py:538} INFO - Filling up the DagBag from /opt/airflow/dags/reddit_dag.py
[2024-01-23T18:48:21.358+0000] {processor.py:840} INFO - DAG(s) 'etl_reddit_pipeline' retrieved from /opt/airflow/dags/reddit_dag.py
[2024-01-23T18:48:21.414+0000] {logging_mixin.py:188} INFO - [2024-01-23T18:48:21.413+0000] {dag.py:3033} INFO - Sync 1 DAGs
[2024-01-23T18:48:21.473+0000] {logging_mixin.py:188} INFO - [2024-01-23T18:48:21.473+0000] {dag.py:3820} INFO - Setting next_dagrun for etl_reddit_pipeline to 2024-01-23T00:00:00+00:00, run_after=2024-01-24T00:00:00+00:00
[2024-01-23T18:48:21.528+0000] {processor.py:183} INFO - Processing /opt/airflow/dags/reddit_dag.py took 1.884 seconds
[2024-01-23T18:48:52.205+0000] {processor.py:161} INFO - Started process (PID=127) to work on /opt/airflow/dags/reddit_dag.py
[2024-01-23T18:48:52.211+0000] {processor.py:830} INFO - Processing file /opt/airflow/dags/reddit_dag.py for tasks to queue
[2024-01-23T18:48:52.221+0000] {logging_mixin.py:188} INFO - [2024-01-23T18:48:52.220+0000] {dagbag.py:538} INFO - Filling up the DagBag from /opt/airflow/dags/reddit_dag.py
[2024-01-23T18:48:53.985+0000] {processor.py:840} INFO - DAG(s) 'etl_reddit_pipeline' retrieved from /opt/airflow/dags/reddit_dag.py
[2024-01-23T18:48:54.034+0000] {logging_mixin.py:188} INFO - [2024-01-23T18:48:54.033+0000] {dag.py:3033} INFO - Sync 1 DAGs
[2024-01-23T18:48:54.094+0000] {logging_mixin.py:188} INFO - [2024-01-23T18:48:54.094+0000] {dag.py:3820} INFO - Setting next_dagrun for etl_reddit_pipeline to 2024-01-23T00:00:00+00:00, run_after=2024-01-24T00:00:00+00:00
[2024-01-23T18:48:54.143+0000] {processor.py:183} INFO - Processing /opt/airflow/dags/reddit_dag.py took 1.956 seconds
[2024-01-23T18:49:24.689+0000] {processor.py:161} INFO - Started process (PID=129) to work on /opt/airflow/dags/reddit_dag.py
[2024-01-23T18:49:24.691+0000] {processor.py:830} INFO - Processing file /opt/airflow/dags/reddit_dag.py for tasks to queue
[2024-01-23T18:49:24.696+0000] {logging_mixin.py:188} INFO - [2024-01-23T18:49:24.695+0000] {dagbag.py:538} INFO - Filling up the DagBag from /opt/airflow/dags/reddit_dag.py
[2024-01-23T18:49:26.035+0000] {processor.py:840} INFO - DAG(s) 'etl_reddit_pipeline' retrieved from /opt/airflow/dags/reddit_dag.py
[2024-01-23T18:49:26.089+0000] {logging_mixin.py:188} INFO - [2024-01-23T18:49:26.088+0000] {dag.py:3033} INFO - Sync 1 DAGs
[2024-01-23T18:49:26.147+0000] {logging_mixin.py:188} INFO - [2024-01-23T18:49:26.146+0000] {dag.py:3820} INFO - Setting next_dagrun for etl_reddit_pipeline to 2024-01-23T00:00:00+00:00, run_after=2024-01-24T00:00:00+00:00
[2024-01-23T18:49:26.197+0000] {processor.py:183} INFO - Processing /opt/airflow/dags/reddit_dag.py took 1.515 seconds
[2024-01-23T18:49:53.720+0000] {processor.py:161} INFO - Started process (PID=131) to work on /opt/airflow/dags/reddit_dag.py
[2024-01-23T18:49:53.722+0000] {processor.py:830} INFO - Processing file /opt/airflow/dags/reddit_dag.py for tasks to queue
[2024-01-23T18:49:53.728+0000] {logging_mixin.py:188} INFO - [2024-01-23T18:49:53.727+0000] {dagbag.py:538} INFO - Filling up the DagBag from /opt/airflow/dags/reddit_dag.py
[2024-01-23T18:49:55.506+0000] {processor.py:840} INFO - DAG(s) 'etl_reddit_pipeline' retrieved from /opt/airflow/dags/reddit_dag.py
[2024-01-23T18:49:56.154+0000] {logging_mixin.py:188} INFO - [2024-01-23T18:49:56.153+0000] {dag.py:3033} INFO - Sync 1 DAGs
[2024-01-23T18:49:56.195+0000] {logging_mixin.py:188} INFO - [2024-01-23T18:49:56.194+0000] {dag.py:3820} INFO - Setting next_dagrun for etl_reddit_pipeline to 2024-01-23T00:00:00+00:00, run_after=2024-01-24T00:00:00+00:00
[2024-01-23T18:49:56.244+0000] {processor.py:183} INFO - Processing /opt/airflow/dags/reddit_dag.py took 2.533 seconds
[2024-01-23T18:50:26.765+0000] {processor.py:161} INFO - Started process (PID=133) to work on /opt/airflow/dags/reddit_dag.py
[2024-01-23T18:50:26.770+0000] {processor.py:830} INFO - Processing file /opt/airflow/dags/reddit_dag.py for tasks to queue
[2024-01-23T18:50:26.780+0000] {logging_mixin.py:188} INFO - [2024-01-23T18:50:26.779+0000] {dagbag.py:538} INFO - Filling up the DagBag from /opt/airflow/dags/reddit_dag.py
[2024-01-23T18:50:28.372+0000] {processor.py:840} INFO - DAG(s) 'etl_reddit_pipeline' retrieved from /opt/airflow/dags/reddit_dag.py
[2024-01-23T18:50:28.421+0000] {logging_mixin.py:188} INFO - [2024-01-23T18:50:28.420+0000] {dag.py:3033} INFO - Sync 1 DAGs
[2024-01-23T18:50:28.473+0000] {logging_mixin.py:188} INFO - [2024-01-23T18:50:28.473+0000] {dag.py:3820} INFO - Setting next_dagrun for etl_reddit_pipeline to 2024-01-23T00:00:00+00:00, run_after=2024-01-24T00:00:00+00:00
[2024-01-23T18:50:28.528+0000] {processor.py:183} INFO - Processing /opt/airflow/dags/reddit_dag.py took 1.780 seconds
[2024-01-23T18:50:59.182+0000] {processor.py:161} INFO - Started process (PID=135) to work on /opt/airflow/dags/reddit_dag.py
[2024-01-23T18:50:59.187+0000] {processor.py:830} INFO - Processing file /opt/airflow/dags/reddit_dag.py for tasks to queue
[2024-01-23T18:50:59.197+0000] {logging_mixin.py:188} INFO - [2024-01-23T18:50:59.195+0000] {dagbag.py:538} INFO - Filling up the DagBag from /opt/airflow/dags/reddit_dag.py
[2024-01-23T18:51:00.688+0000] {processor.py:840} INFO - DAG(s) 'etl_reddit_pipeline' retrieved from /opt/airflow/dags/reddit_dag.py
[2024-01-23T18:51:00.736+0000] {logging_mixin.py:188} INFO - [2024-01-23T18:51:00.735+0000] {dag.py:3033} INFO - Sync 1 DAGs
[2024-01-23T18:51:00.798+0000] {logging_mixin.py:188} INFO - [2024-01-23T18:51:00.798+0000] {dag.py:3820} INFO - Setting next_dagrun for etl_reddit_pipeline to 2024-01-23T00:00:00+00:00, run_after=2024-01-24T00:00:00+00:00
[2024-01-23T18:51:00.863+0000] {processor.py:183} INFO - Processing /opt/airflow/dags/reddit_dag.py took 1.698 seconds
[2024-01-23T18:51:31.572+0000] {processor.py:161} INFO - Started process (PID=137) to work on /opt/airflow/dags/reddit_dag.py
[2024-01-23T18:51:31.578+0000] {processor.py:830} INFO - Processing file /opt/airflow/dags/reddit_dag.py for tasks to queue
[2024-01-23T18:51:31.591+0000] {logging_mixin.py:188} INFO - [2024-01-23T18:51:31.589+0000] {dagbag.py:538} INFO - Filling up the DagBag from /opt/airflow/dags/reddit_dag.py
[2024-01-23T18:51:33.210+0000] {processor.py:840} INFO - DAG(s) 'etl_reddit_pipeline' retrieved from /opt/airflow/dags/reddit_dag.py
[2024-01-23T18:51:33.245+0000] {logging_mixin.py:188} INFO - [2024-01-23T18:51:33.244+0000] {dag.py:3033} INFO - Sync 1 DAGs
[2024-01-23T18:51:33.307+0000] {logging_mixin.py:188} INFO - [2024-01-23T18:51:33.306+0000] {dag.py:3820} INFO - Setting next_dagrun for etl_reddit_pipeline to 2024-01-23T00:00:00+00:00, run_after=2024-01-24T00:00:00+00:00
[2024-01-23T18:51:33.388+0000] {processor.py:183} INFO - Processing /opt/airflow/dags/reddit_dag.py took 1.835 seconds
[2024-01-23T18:52:04.380+0000] {processor.py:161} INFO - Started process (PID=139) to work on /opt/airflow/dags/reddit_dag.py
[2024-01-23T18:52:04.383+0000] {processor.py:830} INFO - Processing file /opt/airflow/dags/reddit_dag.py for tasks to queue
[2024-01-23T18:52:04.390+0000] {logging_mixin.py:188} INFO - [2024-01-23T18:52:04.389+0000] {dagbag.py:538} INFO - Filling up the DagBag from /opt/airflow/dags/reddit_dag.py
[2024-01-23T18:52:07.252+0000] {processor.py:840} INFO - DAG(s) 'etl_reddit_pipeline' retrieved from /opt/airflow/dags/reddit_dag.py
[2024-01-23T18:52:07.358+0000] {logging_mixin.py:188} INFO - [2024-01-23T18:52:07.357+0000] {dag.py:3033} INFO - Sync 1 DAGs
[2024-01-23T18:52:07.464+0000] {logging_mixin.py:188} INFO - [2024-01-23T18:52:07.463+0000] {dag.py:3820} INFO - Setting next_dagrun for etl_reddit_pipeline to 2024-01-23T00:00:00+00:00, run_after=2024-01-24T00:00:00+00:00
[2024-01-23T18:52:07.561+0000] {processor.py:183} INFO - Processing /opt/airflow/dags/reddit_dag.py took 3.195 seconds
[2024-01-23T18:52:38.022+0000] {processor.py:161} INFO - Started process (PID=141) to work on /opt/airflow/dags/reddit_dag.py
[2024-01-23T18:52:38.026+0000] {processor.py:830} INFO - Processing file /opt/airflow/dags/reddit_dag.py for tasks to queue
[2024-01-23T18:52:38.035+0000] {logging_mixin.py:188} INFO - [2024-01-23T18:52:38.034+0000] {dagbag.py:538} INFO - Filling up the DagBag from /opt/airflow/dags/reddit_dag.py
[2024-01-23T18:52:39.733+0000] {processor.py:840} INFO - DAG(s) 'etl_reddit_pipeline' retrieved from /opt/airflow/dags/reddit_dag.py
[2024-01-23T18:52:39.790+0000] {logging_mixin.py:188} INFO - [2024-01-23T18:52:39.789+0000] {dag.py:3033} INFO - Sync 1 DAGs
[2024-01-23T18:52:39.842+0000] {logging_mixin.py:188} INFO - [2024-01-23T18:52:39.842+0000] {dag.py:3820} INFO - Setting next_dagrun for etl_reddit_pipeline to 2024-01-23T00:00:00+00:00, run_after=2024-01-24T00:00:00+00:00
[2024-01-23T18:52:39.885+0000] {processor.py:183} INFO - Processing /opt/airflow/dags/reddit_dag.py took 1.880 seconds
[2024-01-23T18:53:10.586+0000] {processor.py:161} INFO - Started process (PID=143) to work on /opt/airflow/dags/reddit_dag.py
[2024-01-23T18:53:10.592+0000] {processor.py:830} INFO - Processing file /opt/airflow/dags/reddit_dag.py for tasks to queue
[2024-01-23T18:53:10.602+0000] {logging_mixin.py:188} INFO - [2024-01-23T18:53:10.600+0000] {dagbag.py:538} INFO - Filling up the DagBag from /opt/airflow/dags/reddit_dag.py
[2024-01-23T18:53:12.110+0000] {processor.py:840} INFO - DAG(s) 'etl_reddit_pipeline' retrieved from /opt/airflow/dags/reddit_dag.py
[2024-01-23T18:53:12.169+0000] {logging_mixin.py:188} INFO - [2024-01-23T18:53:12.168+0000] {dag.py:3033} INFO - Sync 1 DAGs
[2024-01-23T18:53:12.225+0000] {logging_mixin.py:188} INFO - [2024-01-23T18:53:12.225+0000] {dag.py:3820} INFO - Setting next_dagrun for etl_reddit_pipeline to 2024-01-23T00:00:00+00:00, run_after=2024-01-24T00:00:00+00:00
[2024-01-23T18:53:12.280+0000] {processor.py:183} INFO - Processing /opt/airflow/dags/reddit_dag.py took 1.716 seconds
[2024-01-23T18:53:42.713+0000] {processor.py:161} INFO - Started process (PID=145) to work on /opt/airflow/dags/reddit_dag.py
[2024-01-23T18:53:42.715+0000] {processor.py:830} INFO - Processing file /opt/airflow/dags/reddit_dag.py for tasks to queue
[2024-01-23T18:53:42.718+0000] {logging_mixin.py:188} INFO - [2024-01-23T18:53:42.717+0000] {dagbag.py:538} INFO - Filling up the DagBag from /opt/airflow/dags/reddit_dag.py
[2024-01-23T18:53:43.752+0000] {processor.py:840} INFO - DAG(s) 'etl_reddit_pipeline' retrieved from /opt/airflow/dags/reddit_dag.py
[2024-01-23T18:53:43.787+0000] {logging_mixin.py:188} INFO - [2024-01-23T18:53:43.787+0000] {dag.py:3033} INFO - Sync 1 DAGs
[2024-01-23T18:53:43.815+0000] {logging_mixin.py:188} INFO - [2024-01-23T18:53:43.815+0000] {dag.py:3820} INFO - Setting next_dagrun for etl_reddit_pipeline to 2024-01-23T00:00:00+00:00, run_after=2024-01-24T00:00:00+00:00
[2024-01-23T18:53:43.844+0000] {processor.py:183} INFO - Processing /opt/airflow/dags/reddit_dag.py took 1.136 seconds
[2024-01-23T18:54:14.174+0000] {processor.py:161} INFO - Started process (PID=147) to work on /opt/airflow/dags/reddit_dag.py
[2024-01-23T18:54:14.176+0000] {processor.py:830} INFO - Processing file /opt/airflow/dags/reddit_dag.py for tasks to queue
[2024-01-23T18:54:14.178+0000] {logging_mixin.py:188} INFO - [2024-01-23T18:54:14.178+0000] {dagbag.py:538} INFO - Filling up the DagBag from /opt/airflow/dags/reddit_dag.py
[2024-01-23T18:54:15.150+0000] {processor.py:840} INFO - DAG(s) 'etl_reddit_pipeline' retrieved from /opt/airflow/dags/reddit_dag.py
[2024-01-23T18:54:15.177+0000] {logging_mixin.py:188} INFO - [2024-01-23T18:54:15.177+0000] {dag.py:3033} INFO - Sync 1 DAGs
[2024-01-23T18:54:15.206+0000] {logging_mixin.py:188} INFO - [2024-01-23T18:54:15.206+0000] {dag.py:3820} INFO - Setting next_dagrun for etl_reddit_pipeline to 2024-01-23T00:00:00+00:00, run_after=2024-01-24T00:00:00+00:00
[2024-01-23T18:54:15.229+0000] {processor.py:183} INFO - Processing /opt/airflow/dags/reddit_dag.py took 1.060 seconds
[2024-01-23T18:54:45.553+0000] {processor.py:161} INFO - Started process (PID=149) to work on /opt/airflow/dags/reddit_dag.py
[2024-01-23T18:54:45.555+0000] {processor.py:830} INFO - Processing file /opt/airflow/dags/reddit_dag.py for tasks to queue
[2024-01-23T18:54:45.559+0000] {logging_mixin.py:188} INFO - [2024-01-23T18:54:45.558+0000] {dagbag.py:538} INFO - Filling up the DagBag from /opt/airflow/dags/reddit_dag.py
[2024-01-23T18:54:46.674+0000] {processor.py:840} INFO - DAG(s) 'etl_reddit_pipeline' retrieved from /opt/airflow/dags/reddit_dag.py
[2024-01-23T18:54:46.709+0000] {logging_mixin.py:188} INFO - [2024-01-23T18:54:46.708+0000] {dag.py:3033} INFO - Sync 1 DAGs
[2024-01-23T18:54:46.749+0000] {logging_mixin.py:188} INFO - [2024-01-23T18:54:46.749+0000] {dag.py:3820} INFO - Setting next_dagrun for etl_reddit_pipeline to 2024-01-23T00:00:00+00:00, run_after=2024-01-24T00:00:00+00:00
[2024-01-23T18:54:46.777+0000] {processor.py:183} INFO - Processing /opt/airflow/dags/reddit_dag.py took 1.233 seconds
[2024-01-23T18:55:16.941+0000] {processor.py:161} INFO - Started process (PID=151) to work on /opt/airflow/dags/reddit_dag.py
[2024-01-23T18:55:16.943+0000] {processor.py:830} INFO - Processing file /opt/airflow/dags/reddit_dag.py for tasks to queue
[2024-01-23T18:55:16.947+0000] {logging_mixin.py:188} INFO - [2024-01-23T18:55:16.947+0000] {dagbag.py:538} INFO - Filling up the DagBag from /opt/airflow/dags/reddit_dag.py
[2024-01-23T18:55:18.231+0000] {processor.py:840} INFO - DAG(s) 'etl_reddit_pipeline' retrieved from /opt/airflow/dags/reddit_dag.py
[2024-01-23T18:55:18.272+0000] {logging_mixin.py:188} INFO - [2024-01-23T18:55:18.271+0000] {dag.py:3033} INFO - Sync 1 DAGs
[2024-01-23T18:55:18.306+0000] {logging_mixin.py:188} INFO - [2024-01-23T18:55:18.305+0000] {dag.py:3820} INFO - Setting next_dagrun for etl_reddit_pipeline to 2024-01-23T00:00:00+00:00, run_after=2024-01-24T00:00:00+00:00
[2024-01-23T18:55:18.331+0000] {processor.py:183} INFO - Processing /opt/airflow/dags/reddit_dag.py took 1.396 seconds
[2024-01-23T18:55:48.642+0000] {processor.py:161} INFO - Started process (PID=153) to work on /opt/airflow/dags/reddit_dag.py
[2024-01-23T18:55:48.650+0000] {processor.py:830} INFO - Processing file /opt/airflow/dags/reddit_dag.py for tasks to queue
[2024-01-23T18:55:48.668+0000] {logging_mixin.py:188} INFO - [2024-01-23T18:55:48.666+0000] {dagbag.py:538} INFO - Filling up the DagBag from /opt/airflow/dags/reddit_dag.py
[2024-01-23T18:55:50.026+0000] {processor.py:840} INFO - DAG(s) 'etl_reddit_pipeline' retrieved from /opt/airflow/dags/reddit_dag.py
[2024-01-23T18:55:50.075+0000] {logging_mixin.py:188} INFO - [2024-01-23T18:55:50.075+0000] {dag.py:3033} INFO - Sync 1 DAGs
[2024-01-23T18:55:50.111+0000] {logging_mixin.py:188} INFO - [2024-01-23T18:55:50.110+0000] {dag.py:3820} INFO - Setting next_dagrun for etl_reddit_pipeline to 2024-01-23T00:00:00+00:00, run_after=2024-01-24T00:00:00+00:00
[2024-01-23T18:55:50.145+0000] {processor.py:183} INFO - Processing /opt/airflow/dags/reddit_dag.py took 1.534 seconds
[2024-01-23T18:56:20.637+0000] {processor.py:161} INFO - Started process (PID=155) to work on /opt/airflow/dags/reddit_dag.py
[2024-01-23T18:56:20.640+0000] {processor.py:830} INFO - Processing file /opt/airflow/dags/reddit_dag.py for tasks to queue
[2024-01-23T18:56:20.645+0000] {logging_mixin.py:188} INFO - [2024-01-23T18:56:20.644+0000] {dagbag.py:538} INFO - Filling up the DagBag from /opt/airflow/dags/reddit_dag.py
[2024-01-23T18:56:21.374+0000] {processor.py:840} INFO - DAG(s) 'etl_reddit_pipeline' retrieved from /opt/airflow/dags/reddit_dag.py
[2024-01-23T18:56:21.398+0000] {logging_mixin.py:188} INFO - [2024-01-23T18:56:21.398+0000] {dag.py:3033} INFO - Sync 1 DAGs
[2024-01-23T18:56:21.422+0000] {logging_mixin.py:188} INFO - [2024-01-23T18:56:21.422+0000] {dag.py:3820} INFO - Setting next_dagrun for etl_reddit_pipeline to 2024-01-23T00:00:00+00:00, run_after=2024-01-24T00:00:00+00:00
[2024-01-23T18:56:21.450+0000] {processor.py:183} INFO - Processing /opt/airflow/dags/reddit_dag.py took 0.823 seconds
[2024-01-23T18:56:51.625+0000] {processor.py:161} INFO - Started process (PID=157) to work on /opt/airflow/dags/reddit_dag.py
[2024-01-23T18:56:51.627+0000] {processor.py:830} INFO - Processing file /opt/airflow/dags/reddit_dag.py for tasks to queue
[2024-01-23T18:56:51.629+0000] {logging_mixin.py:188} INFO - [2024-01-23T18:56:51.628+0000] {dagbag.py:538} INFO - Filling up the DagBag from /opt/airflow/dags/reddit_dag.py
[2024-01-23T18:56:52.311+0000] {processor.py:840} INFO - DAG(s) 'etl_reddit_pipeline' retrieved from /opt/airflow/dags/reddit_dag.py
[2024-01-23T18:56:52.333+0000] {logging_mixin.py:188} INFO - [2024-01-23T18:56:52.333+0000] {dag.py:3033} INFO - Sync 1 DAGs
[2024-01-23T18:56:52.356+0000] {logging_mixin.py:188} INFO - [2024-01-23T18:56:52.356+0000] {dag.py:3820} INFO - Setting next_dagrun for etl_reddit_pipeline to 2024-01-23T00:00:00+00:00, run_after=2024-01-24T00:00:00+00:00
[2024-01-23T18:56:52.378+0000] {processor.py:183} INFO - Processing /opt/airflow/dags/reddit_dag.py took 0.757 seconds
[2024-01-23T18:57:23.069+0000] {processor.py:161} INFO - Started process (PID=159) to work on /opt/airflow/dags/reddit_dag.py
[2024-01-23T18:57:23.071+0000] {processor.py:830} INFO - Processing file /opt/airflow/dags/reddit_dag.py for tasks to queue
[2024-01-23T18:57:23.075+0000] {logging_mixin.py:188} INFO - [2024-01-23T18:57:23.074+0000] {dagbag.py:538} INFO - Filling up the DagBag from /opt/airflow/dags/reddit_dag.py
[2024-01-23T18:57:23.772+0000] {processor.py:840} INFO - DAG(s) 'etl_reddit_pipeline' retrieved from /opt/airflow/dags/reddit_dag.py
[2024-01-23T18:57:23.797+0000] {logging_mixin.py:188} INFO - [2024-01-23T18:57:23.797+0000] {dag.py:3033} INFO - Sync 1 DAGs
[2024-01-23T18:57:23.823+0000] {logging_mixin.py:188} INFO - [2024-01-23T18:57:23.822+0000] {dag.py:3820} INFO - Setting next_dagrun for etl_reddit_pipeline to 2024-01-23T00:00:00+00:00, run_after=2024-01-24T00:00:00+00:00
[2024-01-23T18:57:23.846+0000] {processor.py:183} INFO - Processing /opt/airflow/dags/reddit_dag.py took 0.782 seconds
[2024-01-23T18:57:54.251+0000] {processor.py:161} INFO - Started process (PID=161) to work on /opt/airflow/dags/reddit_dag.py
[2024-01-23T18:57:54.253+0000] {processor.py:830} INFO - Processing file /opt/airflow/dags/reddit_dag.py for tasks to queue
[2024-01-23T18:57:54.256+0000] {logging_mixin.py:188} INFO - [2024-01-23T18:57:54.256+0000] {dagbag.py:538} INFO - Filling up the DagBag from /opt/airflow/dags/reddit_dag.py
[2024-01-23T18:57:54.955+0000] {processor.py:840} INFO - DAG(s) 'etl_reddit_pipeline' retrieved from /opt/airflow/dags/reddit_dag.py
[2024-01-23T18:57:54.987+0000] {logging_mixin.py:188} INFO - [2024-01-23T18:57:54.986+0000] {dag.py:3033} INFO - Sync 1 DAGs
[2024-01-23T18:57:55.018+0000] {logging_mixin.py:188} INFO - [2024-01-23T18:57:55.018+0000] {dag.py:3820} INFO - Setting next_dagrun for etl_reddit_pipeline to 2024-01-23T00:00:00+00:00, run_after=2024-01-24T00:00:00+00:00
[2024-01-23T18:57:55.042+0000] {processor.py:183} INFO - Processing /opt/airflow/dags/reddit_dag.py took 0.797 seconds
[2024-01-23T18:58:25.169+0000] {processor.py:161} INFO - Started process (PID=163) to work on /opt/airflow/dags/reddit_dag.py
[2024-01-23T18:58:25.171+0000] {processor.py:830} INFO - Processing file /opt/airflow/dags/reddit_dag.py for tasks to queue
[2024-01-23T18:58:25.174+0000] {logging_mixin.py:188} INFO - [2024-01-23T18:58:25.173+0000] {dagbag.py:538} INFO - Filling up the DagBag from /opt/airflow/dags/reddit_dag.py
[2024-01-23T18:58:25.943+0000] {processor.py:840} INFO - DAG(s) 'etl_reddit_pipeline' retrieved from /opt/airflow/dags/reddit_dag.py
[2024-01-23T18:58:25.981+0000] {logging_mixin.py:188} INFO - [2024-01-23T18:58:25.980+0000] {dag.py:3033} INFO - Sync 1 DAGs
[2024-01-23T18:58:26.016+0000] {logging_mixin.py:188} INFO - [2024-01-23T18:58:26.016+0000] {dag.py:3820} INFO - Setting next_dagrun for etl_reddit_pipeline to 2024-01-23T00:00:00+00:00, run_after=2024-01-24T00:00:00+00:00
[2024-01-23T18:58:26.054+0000] {processor.py:183} INFO - Processing /opt/airflow/dags/reddit_dag.py took 0.890 seconds
[2024-01-23T18:58:56.656+0000] {processor.py:161} INFO - Started process (PID=165) to work on /opt/airflow/dags/reddit_dag.py
[2024-01-23T18:58:56.659+0000] {processor.py:830} INFO - Processing file /opt/airflow/dags/reddit_dag.py for tasks to queue
[2024-01-23T18:58:56.669+0000] {logging_mixin.py:188} INFO - [2024-01-23T18:58:56.667+0000] {dagbag.py:538} INFO - Filling up the DagBag from /opt/airflow/dags/reddit_dag.py
[2024-01-23T18:58:58.403+0000] {processor.py:840} INFO - DAG(s) 'etl_reddit_pipeline' retrieved from /opt/airflow/dags/reddit_dag.py
[2024-01-23T18:58:58.461+0000] {logging_mixin.py:188} INFO - [2024-01-23T18:58:58.460+0000] {dag.py:3033} INFO - Sync 1 DAGs
[2024-01-23T18:58:58.502+0000] {logging_mixin.py:188} INFO - [2024-01-23T18:58:58.502+0000] {dag.py:3820} INFO - Setting next_dagrun for etl_reddit_pipeline to 2024-01-23T00:00:00+00:00, run_after=2024-01-24T00:00:00+00:00
[2024-01-23T18:58:58.538+0000] {processor.py:183} INFO - Processing /opt/airflow/dags/reddit_dag.py took 1.897 seconds
[2024-01-23T18:59:28.951+0000] {processor.py:161} INFO - Started process (PID=167) to work on /opt/airflow/dags/reddit_dag.py
[2024-01-23T18:59:28.954+0000] {processor.py:830} INFO - Processing file /opt/airflow/dags/reddit_dag.py for tasks to queue
[2024-01-23T18:59:28.959+0000] {logging_mixin.py:188} INFO - [2024-01-23T18:59:28.958+0000] {dagbag.py:538} INFO - Filling up the DagBag from /opt/airflow/dags/reddit_dag.py
[2024-01-23T18:59:29.937+0000] {processor.py:840} INFO - DAG(s) 'etl_reddit_pipeline' retrieved from /opt/airflow/dags/reddit_dag.py
[2024-01-23T18:59:29.973+0000] {logging_mixin.py:188} INFO - [2024-01-23T18:59:29.973+0000] {dag.py:3033} INFO - Sync 1 DAGs
[2024-01-23T18:59:30.004+0000] {logging_mixin.py:188} INFO - [2024-01-23T18:59:30.004+0000] {dag.py:3820} INFO - Setting next_dagrun for etl_reddit_pipeline to 2024-01-23T00:00:00+00:00, run_after=2024-01-24T00:00:00+00:00
[2024-01-23T18:59:30.034+0000] {processor.py:183} INFO - Processing /opt/airflow/dags/reddit_dag.py took 1.095 seconds
[2024-01-23T19:00:00.329+0000] {processor.py:161} INFO - Started process (PID=169) to work on /opt/airflow/dags/reddit_dag.py
[2024-01-23T19:00:00.333+0000] {processor.py:830} INFO - Processing file /opt/airflow/dags/reddit_dag.py for tasks to queue
[2024-01-23T19:00:00.338+0000] {logging_mixin.py:188} INFO - [2024-01-23T19:00:00.337+0000] {dagbag.py:538} INFO - Filling up the DagBag from /opt/airflow/dags/reddit_dag.py
[2024-01-23T19:00:01.032+0000] {processor.py:840} INFO - DAG(s) 'etl_reddit_pipeline' retrieved from /opt/airflow/dags/reddit_dag.py
[2024-01-23T19:00:01.082+0000] {logging_mixin.py:188} INFO - [2024-01-23T19:00:01.081+0000] {dag.py:3033} INFO - Sync 1 DAGs
[2024-01-23T19:00:01.121+0000] {logging_mixin.py:188} INFO - [2024-01-23T19:00:01.120+0000] {dag.py:3820} INFO - Setting next_dagrun for etl_reddit_pipeline to 2024-01-23T00:00:00+00:00, run_after=2024-01-24T00:00:00+00:00
[2024-01-23T19:00:01.149+0000] {processor.py:183} INFO - Processing /opt/airflow/dags/reddit_dag.py took 0.831 seconds
[2024-01-23T19:00:31.639+0000] {processor.py:161} INFO - Started process (PID=171) to work on /opt/airflow/dags/reddit_dag.py
[2024-01-23T19:00:31.640+0000] {processor.py:830} INFO - Processing file /opt/airflow/dags/reddit_dag.py for tasks to queue
[2024-01-23T19:00:31.643+0000] {logging_mixin.py:188} INFO - [2024-01-23T19:00:31.642+0000] {dagbag.py:538} INFO - Filling up the DagBag from /opt/airflow/dags/reddit_dag.py
[2024-01-23T19:00:32.346+0000] {processor.py:840} INFO - DAG(s) 'etl_reddit_pipeline' retrieved from /opt/airflow/dags/reddit_dag.py
[2024-01-23T19:00:32.377+0000] {logging_mixin.py:188} INFO - [2024-01-23T19:00:32.377+0000] {dag.py:3033} INFO - Sync 1 DAGs
[2024-01-23T19:00:32.402+0000] {logging_mixin.py:188} INFO - [2024-01-23T19:00:32.402+0000] {dag.py:3820} INFO - Setting next_dagrun for etl_reddit_pipeline to 2024-01-23T00:00:00+00:00, run_after=2024-01-24T00:00:00+00:00
[2024-01-23T19:00:32.424+0000] {processor.py:183} INFO - Processing /opt/airflow/dags/reddit_dag.py took 0.790 seconds
[2024-01-23T19:01:02.856+0000] {processor.py:161} INFO - Started process (PID=173) to work on /opt/airflow/dags/reddit_dag.py
[2024-01-23T19:01:02.858+0000] {processor.py:830} INFO - Processing file /opt/airflow/dags/reddit_dag.py for tasks to queue
[2024-01-23T19:01:02.860+0000] {logging_mixin.py:188} INFO - [2024-01-23T19:01:02.860+0000] {dagbag.py:538} INFO - Filling up the DagBag from /opt/airflow/dags/reddit_dag.py
[2024-01-23T19:01:03.592+0000] {processor.py:840} INFO - DAG(s) 'etl_reddit_pipeline' retrieved from /opt/airflow/dags/reddit_dag.py
[2024-01-23T19:01:03.628+0000] {logging_mixin.py:188} INFO - [2024-01-23T19:01:03.628+0000] {dag.py:3033} INFO - Sync 1 DAGs
[2024-01-23T19:01:03.656+0000] {logging_mixin.py:188} INFO - [2024-01-23T19:01:03.655+0000] {dag.py:3820} INFO - Setting next_dagrun for etl_reddit_pipeline to 2024-01-23T00:00:00+00:00, run_after=2024-01-24T00:00:00+00:00
[2024-01-23T19:01:03.681+0000] {processor.py:183} INFO - Processing /opt/airflow/dags/reddit_dag.py took 0.829 seconds
[2024-01-23T19:01:34.225+0000] {processor.py:161} INFO - Started process (PID=175) to work on /opt/airflow/dags/reddit_dag.py
[2024-01-23T19:01:34.227+0000] {processor.py:830} INFO - Processing file /opt/airflow/dags/reddit_dag.py for tasks to queue
[2024-01-23T19:01:34.229+0000] {logging_mixin.py:188} INFO - [2024-01-23T19:01:34.229+0000] {dagbag.py:538} INFO - Filling up the DagBag from /opt/airflow/dags/reddit_dag.py
[2024-01-23T19:01:34.927+0000] {processor.py:840} INFO - DAG(s) 'etl_reddit_pipeline' retrieved from /opt/airflow/dags/reddit_dag.py
[2024-01-23T19:01:34.958+0000] {logging_mixin.py:188} INFO - [2024-01-23T19:01:34.957+0000] {dag.py:3033} INFO - Sync 1 DAGs
[2024-01-23T19:01:34.987+0000] {logging_mixin.py:188} INFO - [2024-01-23T19:01:34.987+0000] {dag.py:3820} INFO - Setting next_dagrun for etl_reddit_pipeline to 2024-01-23T00:00:00+00:00, run_after=2024-01-24T00:00:00+00:00
[2024-01-23T19:01:35.021+0000] {processor.py:183} INFO - Processing /opt/airflow/dags/reddit_dag.py took 0.801 seconds
[2024-01-23T19:02:05.544+0000] {processor.py:161} INFO - Started process (PID=177) to work on /opt/airflow/dags/reddit_dag.py
[2024-01-23T19:02:05.546+0000] {processor.py:830} INFO - Processing file /opt/airflow/dags/reddit_dag.py for tasks to queue
[2024-01-23T19:02:05.549+0000] {logging_mixin.py:188} INFO - [2024-01-23T19:02:05.549+0000] {dagbag.py:538} INFO - Filling up the DagBag from /opt/airflow/dags/reddit_dag.py
[2024-01-23T19:02:06.268+0000] {processor.py:840} INFO - DAG(s) 'etl_reddit_pipeline' retrieved from /opt/airflow/dags/reddit_dag.py
[2024-01-23T19:02:06.292+0000] {logging_mixin.py:188} INFO - [2024-01-23T19:02:06.292+0000] {dag.py:3033} INFO - Sync 1 DAGs
[2024-01-23T19:02:06.318+0000] {logging_mixin.py:188} INFO - [2024-01-23T19:02:06.318+0000] {dag.py:3820} INFO - Setting next_dagrun for etl_reddit_pipeline to 2024-01-23T00:00:00+00:00, run_after=2024-01-24T00:00:00+00:00
[2024-01-23T19:02:06.352+0000] {processor.py:183} INFO - Processing /opt/airflow/dags/reddit_dag.py took 0.814 seconds
[2024-01-23T19:02:36.456+0000] {processor.py:161} INFO - Started process (PID=179) to work on /opt/airflow/dags/reddit_dag.py
[2024-01-23T19:02:36.457+0000] {processor.py:830} INFO - Processing file /opt/airflow/dags/reddit_dag.py for tasks to queue
[2024-01-23T19:02:36.461+0000] {logging_mixin.py:188} INFO - [2024-01-23T19:02:36.460+0000] {dagbag.py:538} INFO - Filling up the DagBag from /opt/airflow/dags/reddit_dag.py
[2024-01-23T19:02:37.145+0000] {processor.py:840} INFO - DAG(s) 'etl_reddit_pipeline' retrieved from /opt/airflow/dags/reddit_dag.py
[2024-01-23T19:02:37.168+0000] {logging_mixin.py:188} INFO - [2024-01-23T19:02:37.168+0000] {dag.py:3033} INFO - Sync 1 DAGs
[2024-01-23T19:02:37.193+0000] {logging_mixin.py:188} INFO - [2024-01-23T19:02:37.193+0000] {dag.py:3820} INFO - Setting next_dagrun for etl_reddit_pipeline to 2024-01-23T00:00:00+00:00, run_after=2024-01-24T00:00:00+00:00
[2024-01-23T19:02:37.224+0000] {processor.py:183} INFO - Processing /opt/airflow/dags/reddit_dag.py took 0.774 seconds
[2024-01-23T19:03:07.352+0000] {processor.py:161} INFO - Started process (PID=181) to work on /opt/airflow/dags/reddit_dag.py
[2024-01-23T19:03:07.354+0000] {processor.py:830} INFO - Processing file /opt/airflow/dags/reddit_dag.py for tasks to queue
[2024-01-23T19:03:07.356+0000] {logging_mixin.py:188} INFO - [2024-01-23T19:03:07.356+0000] {dagbag.py:538} INFO - Filling up the DagBag from /opt/airflow/dags/reddit_dag.py
[2024-01-23T19:03:08.037+0000] {processor.py:840} INFO - DAG(s) 'etl_reddit_pipeline' retrieved from /opt/airflow/dags/reddit_dag.py
[2024-01-23T19:03:08.060+0000] {logging_mixin.py:188} INFO - [2024-01-23T19:03:08.060+0000] {dag.py:3033} INFO - Sync 1 DAGs
[2024-01-23T19:03:08.084+0000] {logging_mixin.py:188} INFO - [2024-01-23T19:03:08.084+0000] {dag.py:3820} INFO - Setting next_dagrun for etl_reddit_pipeline to 2024-01-23T00:00:00+00:00, run_after=2024-01-24T00:00:00+00:00
[2024-01-23T19:03:08.113+0000] {processor.py:183} INFO - Processing /opt/airflow/dags/reddit_dag.py took 0.766 seconds
[2024-01-23T19:03:38.650+0000] {processor.py:161} INFO - Started process (PID=183) to work on /opt/airflow/dags/reddit_dag.py
[2024-01-23T19:03:38.652+0000] {processor.py:830} INFO - Processing file /opt/airflow/dags/reddit_dag.py for tasks to queue
[2024-01-23T19:03:38.655+0000] {logging_mixin.py:188} INFO - [2024-01-23T19:03:38.654+0000] {dagbag.py:538} INFO - Filling up the DagBag from /opt/airflow/dags/reddit_dag.py
[2024-01-23T19:03:39.363+0000] {processor.py:840} INFO - DAG(s) 'etl_reddit_pipeline' retrieved from /opt/airflow/dags/reddit_dag.py
[2024-01-23T19:03:39.393+0000] {logging_mixin.py:188} INFO - [2024-01-23T19:03:39.392+0000] {dag.py:3033} INFO - Sync 1 DAGs
[2024-01-23T19:03:39.425+0000] {logging_mixin.py:188} INFO - [2024-01-23T19:03:39.425+0000] {dag.py:3820} INFO - Setting next_dagrun for etl_reddit_pipeline to 2024-01-23T00:00:00+00:00, run_after=2024-01-24T00:00:00+00:00
[2024-01-23T19:03:39.478+0000] {processor.py:183} INFO - Processing /opt/airflow/dags/reddit_dag.py took 0.832 seconds
[2024-01-23T19:04:09.865+0000] {processor.py:161} INFO - Started process (PID=185) to work on /opt/airflow/dags/reddit_dag.py
[2024-01-23T19:04:09.868+0000] {processor.py:830} INFO - Processing file /opt/airflow/dags/reddit_dag.py for tasks to queue
[2024-01-23T19:04:09.871+0000] {logging_mixin.py:188} INFO - [2024-01-23T19:04:09.871+0000] {dagbag.py:538} INFO - Filling up the DagBag from /opt/airflow/dags/reddit_dag.py
[2024-01-23T19:04:11.070+0000] {processor.py:840} INFO - DAG(s) 'etl_reddit_pipeline' retrieved from /opt/airflow/dags/reddit_dag.py
[2024-01-23T19:04:11.116+0000] {logging_mixin.py:188} INFO - [2024-01-23T19:04:11.115+0000] {dag.py:3033} INFO - Sync 1 DAGs
[2024-01-23T19:04:11.171+0000] {logging_mixin.py:188} INFO - [2024-01-23T19:04:11.171+0000] {dag.py:3820} INFO - Setting next_dagrun for etl_reddit_pipeline to 2024-01-23T00:00:00+00:00, run_after=2024-01-24T00:00:00+00:00
[2024-01-23T19:04:11.231+0000] {processor.py:183} INFO - Processing /opt/airflow/dags/reddit_dag.py took 1.372 seconds
[2024-01-23T19:04:41.707+0000] {processor.py:161} INFO - Started process (PID=187) to work on /opt/airflow/dags/reddit_dag.py
[2024-01-23T19:04:41.709+0000] {processor.py:830} INFO - Processing file /opt/airflow/dags/reddit_dag.py for tasks to queue
[2024-01-23T19:04:41.711+0000] {logging_mixin.py:188} INFO - [2024-01-23T19:04:41.711+0000] {dagbag.py:538} INFO - Filling up the DagBag from /opt/airflow/dags/reddit_dag.py
[2024-01-23T19:04:42.403+0000] {processor.py:840} INFO - DAG(s) 'etl_reddit_pipeline' retrieved from /opt/airflow/dags/reddit_dag.py
[2024-01-23T19:04:42.427+0000] {logging_mixin.py:188} INFO - [2024-01-23T19:04:42.426+0000] {dag.py:3033} INFO - Sync 1 DAGs
[2024-01-23T19:04:42.452+0000] {logging_mixin.py:188} INFO - [2024-01-23T19:04:42.452+0000] {dag.py:3820} INFO - Setting next_dagrun for etl_reddit_pipeline to 2024-01-23T00:00:00+00:00, run_after=2024-01-24T00:00:00+00:00
[2024-01-23T19:04:42.476+0000] {processor.py:183} INFO - Processing /opt/airflow/dags/reddit_dag.py took 0.773 seconds
[2024-01-23T19:05:12.654+0000] {processor.py:161} INFO - Started process (PID=189) to work on /opt/airflow/dags/reddit_dag.py
[2024-01-23T19:05:12.657+0000] {processor.py:830} INFO - Processing file /opt/airflow/dags/reddit_dag.py for tasks to queue
[2024-01-23T19:05:12.660+0000] {logging_mixin.py:188} INFO - [2024-01-23T19:05:12.660+0000] {dagbag.py:538} INFO - Filling up the DagBag from /opt/airflow/dags/reddit_dag.py
[2024-01-23T19:05:13.419+0000] {processor.py:840} INFO - DAG(s) 'etl_reddit_pipeline' retrieved from /opt/airflow/dags/reddit_dag.py
[2024-01-23T19:05:13.447+0000] {logging_mixin.py:188} INFO - [2024-01-23T19:05:13.446+0000] {dag.py:3033} INFO - Sync 1 DAGs
[2024-01-23T19:05:13.472+0000] {logging_mixin.py:188} INFO - [2024-01-23T19:05:13.472+0000] {dag.py:3820} INFO - Setting next_dagrun for etl_reddit_pipeline to 2024-01-23T00:00:00+00:00, run_after=2024-01-24T00:00:00+00:00
[2024-01-23T19:05:13.494+0000] {processor.py:183} INFO - Processing /opt/airflow/dags/reddit_dag.py took 0.843 seconds
[2024-01-23T19:05:43.942+0000] {processor.py:161} INFO - Started process (PID=191) to work on /opt/airflow/dags/reddit_dag.py
[2024-01-23T19:05:43.943+0000] {processor.py:830} INFO - Processing file /opt/airflow/dags/reddit_dag.py for tasks to queue
[2024-01-23T19:05:43.946+0000] {logging_mixin.py:188} INFO - [2024-01-23T19:05:43.945+0000] {dagbag.py:538} INFO - Filling up the DagBag from /opt/airflow/dags/reddit_dag.py
[2024-01-23T19:05:44.783+0000] {processor.py:840} INFO - DAG(s) 'etl_reddit_pipeline' retrieved from /opt/airflow/dags/reddit_dag.py
[2024-01-23T19:05:44.815+0000] {logging_mixin.py:188} INFO - [2024-01-23T19:05:44.815+0000] {dag.py:3033} INFO - Sync 1 DAGs
[2024-01-23T19:05:44.844+0000] {logging_mixin.py:188} INFO - [2024-01-23T19:05:44.844+0000] {dag.py:3820} INFO - Setting next_dagrun for etl_reddit_pipeline to 2024-01-23T00:00:00+00:00, run_after=2024-01-24T00:00:00+00:00
[2024-01-23T19:05:44.873+0000] {processor.py:183} INFO - Processing /opt/airflow/dags/reddit_dag.py took 0.935 seconds
